{"numFailedTestSuites":0,"numFailedTests":0,"numPassedTestSuites":31,"numPassedTests":334,"numPendingTestSuites":0,"numPendingTests":0,"numRuntimeErrorTestSuites":0,"numTodoTests":0,"numTotalTestSuites":31,"numTotalTests":334,"openHandles":[],"snapshot":{"added":0,"didUpdate":false,"failure":false,"filesAdded":0,"filesRemoved":0,"filesRemovedList":[],"filesUnmatched":0,"filesUpdated":0,"matched":0,"total":0,"unchecked":0,"uncheckedKeysByFile":[],"unmatched":0,"updated":0},"startTime":1786513923127,"success":true,"testResults":[{"assertionResults":[{"ancestorTitles":["ExpensesService"],"duration":23,"failing":false,"failureDetails":[],"failureMessages":[],"fullName":"ExpensesService should be defined","invocations":1,"location":null,"numPassingAsserts":1,"retryReasons":[],"startAt":1786513925974,"status":"passed","title":"should be defined"},{"ancestorTitles":["ExpensesService","create"],"duration":29,"failing":false,"failureDetails":[],"failureMessages":[],"fullName":"ExpensesService create should throw ForbiddenException if user has no organizationId","invocations":1,"location":null,"numPassingAsserts":1,"retryReasons":[],"startAt":1786513925999,"status":"passed","title":"should throw ForbiddenException if user has no organizationId"},{"ancestorTitles":["ExpensesService","create"],"duration":6,"failing":false,"failureDetails":[],"failureMessages":[],"fullName":"ExpensesService create should throw ForbiddenException if employee tries to create expense for another employee","invocations":1,"location":null,"numPassingAsserts":1,"retryReasons":[],"startAt":1786513926029,"status":"passed","title":"should throw ForbiddenException if employee tries to create expense for another employee"},{"ancestorTitles":["ExpensesService","create"],"duration":8,"failing":false,"failureDetails":[],"failureMessages":[],"fullName":"ExpensesService create should create expense successfully for admin","invocations":1,"location":null,"numPassingAsserts":5,"retryReasons":[],"startAt":1786513926036,"status":"passed","title":"should create expense successfully for admin"},{"ancestorTitles":["ExpensesService","findAll"],"duration":8,"failing":false,"failureDetails":[],"failureMessages":[],"fullName":"ExpensesService findAll should return all expenses for admin","invocations":1,"location":null,"numPassingAsserts":1,"retryReasons":[],"startAt":1786513926044,"status":"passed","title":"should return all expenses for admin"},{"ancestorTitles":["ExpensesService","findAll"],"duration":7,"failing":false,"failureDetails":[],"failureMessages":[],"fullName":"ExpensesService findAll should return filtered expenses for employee","invocations":1,"location":null,"numPassingAsserts":1,"retryReasons":[],"startAt":1786513926053,"status":"passed","title":"should return filtered expenses for employee"},{"ancestorTitles":["ExpensesService","findOne"],"duration":10,"failing":false,"failureDetails":[],"failureMessages":[],"fullName":"ExpensesService findOne should throw NotFoundException if expense not found","invocations":1,"location":null,"numPassingAsserts":1,"retryReasons":[],"startAt":1786513926060,"status":"passed","title":"should throw NotFoundException if expense not found"},{"ancestorTitles":["ExpensesService","findOne"],"duration":6,"failing":false,"failureDetails":[],"failureMessages":[],"fullName":"ExpensesService findOne should return expense if found","invocations":1,"location":null,"numPassingAsserts":1,"retryReasons":[],"startAt":1786513926071,"status":"passed","title":"should return expense if found"},{"ancestorTitles":["ExpensesService","update"],"duration":8,"failing":false,"failureDetails":[],"failureMessages":[],"fullName":"ExpensesService update should throw ForbiddenException if user has no organizationId","invocations":1,"location":null,"numPassingAsserts":1,"retryReasons":[],"startAt":1786513926078,"status":"passed","title":"should throw ForbiddenException if user has no organizationId"},{"ancestorTitles":["ExpensesService","update"],"duration":6,"failing":false,"failureDetails":[],"failureMessages":[],"fullName":"ExpensesService update should throw ForbiddenException if employee tries to update finalized expense","invocations":1,"location":null,"numPassingAsserts":1,"retryReasons":[],"startAt":1786513926087,"status":"passed","title":"should throw ForbiddenException if employee tries to update finalized expense"},{"ancestorTitles":["ExpensesService","update"],"duration":8,"failing":false,"failureDetails":[],"failureMessages":[],"fullName":"ExpensesService update should update expense successfully","invocations":1,"location":null,"numPassingAsserts":1,"retryReasons":[],"startAt":1786513926094,"status":"passed","title":"should update expense successfully"},{"ancestorTitles":["ExpensesService","managerApprove"],"duration":6,"failing":false,"failureDetails":[],"failureMessages":[],"fullName":"ExpensesService managerApprove should throw ForbiddenException if expense not pending manager approval","invocations":1,"location":null,"numPassingAsserts":1,"retryReasons":[],"startAt":1786513926103,"status":"passed","title":"should throw ForbiddenException if expense not pending manager approval"},{"ancestorTitles":["ExpensesService","managerApprove"],"duration":6,"failing":false,"failureDetails":[],"failureMessages":[],"fullName":"ExpensesService managerApprove should approve expense successfully for manager","invocations":1,"location":null,"numPassingAsserts":1,"retryReasons":[],"startAt":1786513926109,"status":"passed","title":"should approve expense successfully for manager"},{"ancestorTitles":["ExpensesService","hrApprove"],"duration":8,"failing":false,"failureDetails":[],"failureMessages":[],"fullName":"ExpensesService hrApprove should throw NotFoundException if expense not found","invocations":1,"location":null,"numPassingAsserts":1,"retryReasons":[],"startAt":1786513926116,"status":"passed","title":"should throw NotFoundException if expense not found"},{"ancestorTitles":["ExpensesService","hrApprove"],"duration":6,"failing":false,"failureDetails":[],"failureMessages":[],"fullName":"ExpensesService hrApprove should throw ForbiddenException if expense not pending HR approval","invocations":1,"location":null,"numPassingAsserts":1,"retryReasons":[],"startAt":1786513926125,"status":"passed","title":"should throw ForbiddenException if expense not pending HR approval"},{"ancestorTitles":["ExpensesService","hrApprove"],"duration":38,"failing":false,"failureDetails":[],"failureMessages":[],"fullName":"ExpensesService hrApprove should approve expense successfully for HR","invocations":1,"location":null,"numPassingAsserts":1,"retryReasons":[],"startAt":1786513926131,"status":"passed","title":"should approve expense successfully for HR"},{"ancestorTitles":["ExpensesService","reject"],"duration":6,"failing":false,"failureDetails":[],"failureMessages":[],"fullName":"ExpensesService reject should throw ForbiddenException if expense is already approved","invocations":1,"location":null,"numPassingAsserts":1,"retryReasons":[],"startAt":1786513926170,"status":"passed","title":"should throw ForbiddenException if expense is already approved"},{"ancestorTitles":["ExpensesService","reject"],"duration":9,"failing":false,"failureDetails":[],"failureMessages":[],"fullName":"ExpensesService reject should reject expense successfully","invocations":1,"location":null,"numPassingAsserts":1,"retryReasons":[],"startAt":1786513926177,"status":"passed","title":"should reject expense successfully"},{"ancestorTitles":["ExpensesService","remove"],"duration":8,"failing":false,"failureDetails":[],"failureMessages":[],"fullName":"ExpensesService remove should throw NotFoundException if expense not found","invocations":1,"location":null,"numPassingAsserts":1,"retryReasons":[],"startAt":1786513926187,"status":"passed","title":"should throw NotFoundException if expense not found"},{"ancestorTitles":["ExpensesService","remove"],"duration":7,"failing":false,"failureDetails":[],"failureMessages":[],"fullName":"ExpensesService remove should soft delete expense for admin","invocations":1,"location":null,"numPassingAsserts":1,"retryReasons":[],"startAt":1786513926195,"status":"passed","title":"should soft delete expense for admin"},{"ancestorTitles":["ExpensesService","importRecords"],"duration":22,"failing":false,"failureDetails":[],"failureMessages":[],"fullName":"ExpensesService importRecords should import valid records and skip invalid ones","invocations":1,"location":null,"numPassingAsserts":2,"retryReasons":[],"startAt":1786513926203,"status":"passed","title":"should import valid records and skip invalid ones"},{"ancestorTitles":["ExpensesService","getByCategory"],"duration":7,"failing":false,"failureDetails":[],"failureMessages":[],"fullName":"ExpensesService getByCategory should return expenses grouped by category","invocations":1,"location":null,"numPassingAsserts":3,"retryReasons":[],"startAt":1786513926226,"status":"passed","title":"should return expenses grouped by category"}],"endTime":1786513926235,"message":"","name":"C:\\Users\\91773\\enterprise-app\\api\\src\\expenses\\expenses.service.spec.ts","startTime":1786513923493,"status":"passed","summary":""},{"assertionResults":[{"ancestorTitles":["UsersController"],"duration":7,"failing":false,"failureDetails":[],"failureMessages":[],"fullName":"UsersController should be defined","invocations":1,"location":null,"numPassingAsserts":1,"retryReasons":[],"startAt":1786513927059,"status":"passed","title":"should be defined"},{"ancestorTitles":["UsersController"],"duration":3,"failing":false,"failureDetails":[],"failureMessages":[],"fullName":"UsersController restricts user listing to admins only","invocations":1,"location":null,"numPassingAsserts":1,"retryReasons":[],"startAt":1786513927067,"status":"passed","title":"restricts user listing to admins only"},{"ancestorTitles":["UsersController"],"duration":2,"failing":false,"failureDetails":[],"failureMessages":[],"fullName":"UsersController restricts assignable-user lookup to privileged roles only","invocations":1,"location":null,"numPassingAsserts":1,"retryReasons":[],"startAt":1786513927071,"status":"passed","title":"restricts assignable-user lookup to privileged roles only"}],"endTime":1786513927074,"message":"","name":"C:\\Users\\91773\\enterprise-app\\api\\src\\users\\users.controller.spec.ts","startTime":1786513926250,"status":"passed","summary":""},{"assertionResults":[{"ancestorTitles":["EmployeesController"],"duration":6,"failing":false,"failureDetails":[],"failureMessages":[],"fullName":"EmployeesController should be defined","invocations":1,"location":null,"numPassingAsserts":1,"retryReasons":[],"startAt":1786513927527,"status":"passed","title":"should be defined"}],"endTime":1786513927534,"message":"","name":"C:\\Users\\91773\\enterprise-app\\api\\src\\employees\\employees.controller.spec.ts","startTime":1786513927102,"status":"passed","summary":""},{"assertionResults":[{"ancestorTitles":["ProjectsService"],"duration":8,"failing":false,"failureDetails":[],"failureMessages":[],"fullName":"ProjectsService should be defined","invocations":1,"location":null,"numPassingAsserts":1,"retryReasons":[],"startAt":1786513927936,"status":"passed","title":"should be defined"},{"ancestorTitles":["ProjectsService","create"],"duration":38,"failing":false,"failureDetails":[],"failureMessages":[],"fullName":"ProjectsService create should throw ForbiddenException if user has no organizationId","invocations":1,"location":null,"numPassingAsserts":1,"retryReasons":[],"startAt":1786513927945,"status":"passed","title":"should throw ForbiddenException if user has no organizationId"},{"ancestorTitles":["ProjectsService","create"],"duration":5,"failing":false,"failureDetails":[],"failureMessages":[],"fullName":"ProjectsService create should throw ForbiddenException if project name is missing","invocations":1,"location":null,"numPassingAsserts":1,"retryReasons":[],"startAt":1786513927984,"status":"passed","title":"should throw ForbiddenException if project name is missing"},{"ancestorTitles":["ProjectsService","create"],"duration":6,"failing":false,"failureDetails":[],"failureMessages":[],"fullName":"ProjectsService create should throw ForbiddenException if manager is required but not provided","invocations":1,"location":null,"numPassingAsserts":1,"retryReasons":[],"startAt":1786513927989,"status":"passed","title":"should throw ForbiddenException if manager is required but not provided"},{"ancestorTitles":["ProjectsService","create"],"duration":9,"failing":false,"failureDetails":[],"failureMessages":[],"fullName":"ProjectsService create should throw NotFoundException if manager not found","invocations":1,"location":null,"numPassingAsserts":1,"retryReasons":[],"startAt":1786513927996,"status":"passed","title":"should throw NotFoundException if manager not found"},{"ancestorTitles":["ProjectsService","create"],"duration":35,"failing":false,"failureDetails":[],"failureMessages":[],"fullName":"ProjectsService create should throw NotFoundException if manager is not a MANAGER role","invocations":1,"location":null,"numPassingAsserts":1,"retryReasons":[],"startAt":1786513928005,"status":"passed","title":"should throw NotFoundException if manager is not a MANAGER role"},{"ancestorTitles":["ProjectsService","create"],"duration":6,"failing":false,"failureDetails":[],"failureMessages":[],"fullName":"ProjectsService create should create project successfully for admin","invocations":1,"location":null,"numPassingAsserts":2,"retryReasons":[],"startAt":1786513928040,"status":"passed","title":"should create project successfully for admin"},{"ancestorTitles":["ProjectsService","create"],"duration":7,"failing":false,"failureDetails":[],"failureMessages":[],"fullName":"ProjectsService create should create project successfully for manager (auto-setting managerId)","invocations":1,"location":null,"numPassingAsserts":1,"retryReasons":[],"startAt":1786513928047,"status":"passed","title":"should create project successfully for manager (auto-setting managerId)"},{"ancestorTitles":["ProjectsService","assignManager"],"duration":7,"failing":false,"failureDetails":[],"failureMessages":[],"fullName":"ProjectsService assignManager should throw ForbiddenException if user has no organizationId","invocations":1,"location":null,"numPassingAsserts":1,"retryReasons":[],"startAt":1786513928054,"status":"passed","title":"should throw ForbiddenException if user has no organizationId"},{"ancestorTitles":["ProjectsService","assignManager"],"duration":6,"failing":false,"failureDetails":[],"failureMessages":[],"fullName":"ProjectsService assignManager should throw NotFoundException if project not found","invocations":1,"location":null,"numPassingAsserts":1,"retryReasons":[],"startAt":1786513928062,"status":"passed","title":"should throw NotFoundException if project not found"},{"ancestorTitles":["ProjectsService","assignManager"],"duration":16,"failing":false,"failureDetails":[],"failureMessages":[],"fullName":"ProjectsService assignManager should throw NotFoundException if new manager not found","invocations":1,"location":null,"numPassingAsserts":1,"retryReasons":[],"startAt":1786513928069,"status":"passed","title":"should throw NotFoundException if new manager not found"},{"ancestorTitles":["ProjectsService","assignManager"],"duration":7,"failing":false,"failureDetails":[],"failureMessages":[],"fullName":"ProjectsService assignManager should assign manager successfully","invocations":1,"location":null,"numPassingAsserts":1,"retryReasons":[],"startAt":1786513928085,"status":"passed","title":"should assign manager successfully"},{"ancestorTitles":["ProjectsService","findAll"],"duration":8,"failing":false,"failureDetails":[],"failureMessages":[],"fullName":"ProjectsService findAll should return all projects for admin","invocations":1,"location":null,"numPassingAsserts":1,"retryReasons":[],"startAt":1786513928092,"status":"passed","title":"should return all projects for admin"},{"ancestorTitles":["ProjectsService","findOne"],"duration":6,"failing":false,"failureDetails":[],"failureMessages":[],"fullName":"ProjectsService findOne should throw ForbiddenException if user has no organizationId","invocations":1,"location":null,"numPassingAsserts":1,"retryReasons":[],"startAt":1786513928101,"status":"passed","title":"should throw ForbiddenException if user has no organizationId"},{"ancestorTitles":["ProjectsService","findOne"],"duration":8,"failing":false,"failureDetails":[],"failureMessages":[],"fullName":"ProjectsService findOne should throw ForbiddenException if user has no access to project","invocations":1,"location":null,"numPassingAsserts":1,"retryReasons":[],"startAt":1786513928108,"status":"passed","title":"should throw ForbiddenException if user has no access to project"},{"ancestorTitles":["ProjectsService","findOne"],"duration":7,"failing":false,"failureDetails":[],"failureMessages":[],"fullName":"ProjectsService findOne should throw NotFoundException if project not found","invocations":1,"location":null,"numPassingAsserts":1,"retryReasons":[],"startAt":1786513928117,"status":"passed","title":"should throw NotFoundException if project not found"},{"ancestorTitles":["ProjectsService","findOne"],"duration":7,"failing":false,"failureDetails":[],"failureMessages":[],"fullName":"ProjectsService findOne should return project with tasks and team members if found","invocations":1,"location":null,"numPassingAsserts":1,"retryReasons":[],"startAt":1786513928124,"status":"passed","title":"should return project with tasks and team members if found"},{"ancestorTitles":["ProjectsService","addCoManager"],"duration":6,"failing":false,"failureDetails":[],"failureMessages":[],"fullName":"ProjectsService addCoManager should throw ForbiddenException if user has no organizationId","invocations":1,"location":null,"numPassingAsserts":1,"retryReasons":[],"startAt":1786513928132,"status":"passed","title":"should throw ForbiddenException if user has no organizationId"},{"ancestorTitles":["ProjectsService","addCoManager"],"duration":6,"failing":false,"failureDetails":[],"failureMessages":[],"fullName":"ProjectsService addCoManager should throw NotFoundException if project not found","invocations":1,"location":null,"numPassingAsserts":1,"retryReasons":[],"startAt":1786513928139,"status":"passed","title":"should throw NotFoundException if project not found"},{"ancestorTitles":["ProjectsService","addCoManager"],"duration":10,"failing":false,"failureDetails":[],"failureMessages":[],"fullName":"ProjectsService addCoManager should throw ForbiddenException if user is not admin or primary manager","invocations":1,"location":null,"numPassingAsserts":1,"retryReasons":[],"startAt":1786513928146,"status":"passed","title":"should throw ForbiddenException if user is not admin or primary manager"},{"ancestorTitles":["ProjectsService","addCoManager"],"duration":21,"failing":false,"failureDetails":[],"failureMessages":[],"fullName":"ProjectsService addCoManager should throw ForbiddenException if trying to add primary manager as co-manager","invocations":1,"location":null,"numPassingAsserts":1,"retryReasons":[],"startAt":1786513928156,"status":"passed","title":"should throw ForbiddenException if trying to add primary manager as co-manager"},{"ancestorTitles":["ProjectsService","addCoManager"],"duration":7,"failing":false,"failureDetails":[],"failureMessages":[],"fullName":"ProjectsService addCoManager should return project without changes if co-manager already assigned","invocations":1,"location":null,"numPassingAsserts":1,"retryReasons":[],"startAt":1786513928177,"status":"passed","title":"should return project without changes if co-manager already assigned"},{"ancestorTitles":["ProjectsService","addCoManager"],"duration":7,"failing":false,"failureDetails":[],"failureMessages":[],"fullName":"ProjectsService addCoManager should add co-manager successfully","invocations":1,"location":null,"numPassingAsserts":1,"retryReasons":[],"startAt":1786513928185,"status":"passed","title":"should add co-manager successfully"},{"ancestorTitles":["ProjectsService","removeCoManager"],"duration":39,"failing":false,"failureDetails":[],"failureMessages":[],"fullName":"ProjectsService removeCoManager should throw ForbiddenException if user has no organizationId","invocations":1,"location":null,"numPassingAsserts":1,"retryReasons":[],"startAt":1786513928193,"status":"passed","title":"should throw ForbiddenException if user has no organizationId"},{"ancestorTitles":["ProjectsService","removeCoManager"],"duration":5,"failing":false,"failureDetails":[],"failureMessages":[],"fullName":"ProjectsService removeCoManager should throw NotFoundException if project not found","invocations":1,"location":null,"numPassingAsserts":1,"retryReasons":[],"startAt":1786513928233,"status":"passed","title":"should throw NotFoundException if project not found"},{"ancestorTitles":["ProjectsService","removeCoManager"],"duration":6,"failing":false,"failureDetails":[],"failureMessages":[],"fullName":"ProjectsService removeCoManager should throw ForbiddenException if user is not admin or primary manager","invocations":1,"location":null,"numPassingAsserts":1,"retryReasons":[],"startAt":1786513928239,"status":"passed","title":"should throw ForbiddenException if user is not admin or primary manager"},{"ancestorTitles":["ProjectsService","removeCoManager"],"duration":5,"failing":false,"failureDetails":[],"failureMessages":[],"fullName":"ProjectsService removeCoManager should throw ForbiddenException if trying to remove primary manager","invocations":1,"location":null,"numPassingAsserts":1,"retryReasons":[],"startAt":1786513928246,"status":"passed","title":"should throw ForbiddenException if trying to remove primary manager"},{"ancestorTitles":["ProjectsService","removeCoManager"],"duration":5,"failing":false,"failureDetails":[],"failureMessages":[],"fullName":"ProjectsService removeCoManager should remove co-manager successfully","invocations":1,"location":null,"numPassingAsserts":1,"retryReasons":[],"startAt":1786513928252,"status":"passed","title":"should remove co-manager successfully"},{"ancestorTitles":["ProjectsService","assignEmployee"],"duration":6,"failing":false,"failureDetails":[],"failureMessages":[],"fullName":"ProjectsService assignEmployee should throw ForbiddenException if user has no organizationId","invocations":1,"location":null,"numPassingAsserts":1,"retryReasons":[],"startAt":1786513928258,"status":"passed","title":"should throw ForbiddenException if user has no organizationId"},{"ancestorTitles":["ProjectsService","assignEmployee"],"duration":7,"failing":false,"failureDetails":[],"failureMessages":[],"fullName":"ProjectsService assignEmployee should throw ForbiddenException if user cannot manage project","invocations":1,"location":null,"numPassingAsserts":1,"retryReasons":[],"startAt":1786513928265,"status":"passed","title":"should throw ForbiddenException if user cannot manage project"},{"ancestorTitles":["ProjectsService","assignEmployee"],"duration":7,"failing":false,"failureDetails":[],"failureMessages":[],"fullName":"ProjectsService assignEmployee should throw NotFoundException if project not found","invocations":1,"location":null,"numPassingAsserts":1,"retryReasons":[],"startAt":1786513928272,"status":"passed","title":"should throw NotFoundException if project not found"},{"ancestorTitles":["ProjectsService","assignEmployee"],"duration":5,"failing":false,"failureDetails":[],"failureMessages":[],"fullName":"ProjectsService assignEmployee should throw NotFoundException if employee not found","invocations":1,"location":null,"numPassingAsserts":1,"retryReasons":[],"startAt":1786513928280,"status":"passed","title":"should throw NotFoundException if employee not found"},{"ancestorTitles":["ProjectsService","assignEmployee"],"duration":7,"failing":false,"failureDetails":[],"failureMessages":[],"fullName":"ProjectsService assignEmployee should return project without changes if employee already assigned","invocations":1,"location":null,"numPassingAsserts":1,"retryReasons":[],"startAt":1786513928286,"status":"passed","title":"should return project without changes if employee already assigned"},{"ancestorTitles":["ProjectsService","assignEmployee"],"duration":8,"failing":false,"failureDetails":[],"failureMessages":[],"fullName":"ProjectsService assignEmployee should assign employee successfully","invocations":1,"location":null,"numPassingAsserts":1,"retryReasons":[],"startAt":1786513928294,"status":"passed","title":"should assign employee successfully"},{"ancestorTitles":["ProjectsService","removeEmployee"],"duration":5,"failing":false,"failureDetails":[],"failureMessages":[],"fullName":"ProjectsService removeEmployee should throw ForbiddenException if user has no organizationId","invocations":1,"location":null,"numPassingAsserts":1,"retryReasons":[],"startAt":1786513928303,"status":"passed","title":"should throw ForbiddenException if user has no organizationId"},{"ancestorTitles":["ProjectsService","removeEmployee"],"duration":5,"failing":false,"failureDetails":[],"failureMessages":[],"fullName":"ProjectsService removeEmployee should throw ForbiddenException if user cannot manage project","invocations":1,"location":null,"numPassingAsserts":1,"retryReasons":[],"startAt":1786513928309,"status":"passed","title":"should throw ForbiddenException if user cannot manage project"},{"ancestorTitles":["ProjectsService","removeEmployee"],"duration":7,"failing":false,"failureDetails":[],"failureMessages":[],"fullName":"ProjectsService removeEmployee should throw NotFoundException if employee not found","invocations":1,"location":null,"numPassingAsserts":1,"retryReasons":[],"startAt":1786513928315,"status":"passed","title":"should throw NotFoundException if employee not found"},{"ancestorTitles":["ProjectsService","removeEmployee"],"duration":5,"failing":false,"failureDetails":[],"failureMessages":[],"fullName":"ProjectsService removeEmployee should remove employee successfully","invocations":1,"location":null,"numPassingAsserts":1,"retryReasons":[],"startAt":1786513928322,"status":"passed","title":"should remove employee successfully"},{"ancestorTitles":["ProjectsService","update"],"duration":34,"failing":false,"failureDetails":[],"failureMessages":[],"fullName":"ProjectsService update should throw ForbiddenException if user has no organizationId","invocations":1,"location":null,"numPassingAsserts":1,"retryReasons":[],"startAt":1786513928328,"status":"passed","title":"should throw ForbiddenException if user has no organizationId"},{"ancestorTitles":["ProjectsService","update"],"duration":6,"failing":false,"failureDetails":[],"failureMessages":[],"fullName":"ProjectsService update should throw ForbiddenException if user cannot manage project","invocations":1,"location":null,"numPassingAsserts":1,"retryReasons":[],"startAt":1786513928362,"status":"passed","title":"should throw ForbiddenException if user cannot manage project"},{"ancestorTitles":["ProjectsService","update"],"duration":29,"failing":false,"failureDetails":[],"failureMessages":[],"fullName":"ProjectsService update should update project successfully","invocations":1,"location":null,"numPassingAsserts":1,"retryReasons":[],"startAt":1786513928368,"status":"passed","title":"should update project successfully"},{"ancestorTitles":["ProjectsService","update"],"duration":5,"failing":false,"failureDetails":[],"failureMessages":[],"fullName":"ProjectsService update should update managerId and manager name if managerId provided","invocations":1,"location":null,"numPassingAsserts":1,"retryReasons":[],"startAt":1786513928398,"status":"passed","title":"should update managerId and manager name if managerId provided"},{"ancestorTitles":["ProjectsService","updateStatus"],"duration":6,"failing":false,"failureDetails":[],"failureMessages":[],"fullName":"ProjectsService updateStatus should throw ForbiddenException if user has no organizationId","invocations":1,"location":null,"numPassingAsserts":1,"retryReasons":[],"startAt":1786513928403,"status":"passed","title":"should throw ForbiddenException if user has no organizationId"},{"ancestorTitles":["ProjectsService","updateStatus"],"duration":7,"failing":false,"failureDetails":[],"failureMessages":[],"fullName":"ProjectsService updateStatus should throw ForbiddenException if user cannot manage project","invocations":1,"location":null,"numPassingAsserts":1,"retryReasons":[],"startAt":1786513928410,"status":"passed","title":"should throw ForbiddenException if user cannot manage project"},{"ancestorTitles":["ProjectsService","updateStatus"],"duration":5,"failing":false,"failureDetails":[],"failureMessages":[],"fullName":"ProjectsService updateStatus should update status successfully (normalize status)","invocations":1,"location":null,"numPassingAsserts":1,"retryReasons":[],"startAt":1786513928418,"status":"passed","title":"should update status successfully (normalize status)"},{"ancestorTitles":["ProjectsService","remove"],"duration":9,"failing":false,"failureDetails":[],"failureMessages":[],"fullName":"ProjectsService remove should throw ForbiddenException if user has no organizationId","invocations":1,"location":null,"numPassingAsserts":1,"retryReasons":[],"startAt":1786513928423,"status":"passed","title":"should throw ForbiddenException if user has no organizationId"},{"ancestorTitles":["ProjectsService","remove"],"duration":5,"failing":false,"failureDetails":[],"failureMessages":[],"fullName":"ProjectsService remove should throw ForbiddenException if user cannot manage project","invocations":1,"location":null,"numPassingAsserts":1,"retryReasons":[],"startAt":1786513928432,"status":"passed","title":"should throw ForbiddenException if user cannot manage project"},{"ancestorTitles":["ProjectsService","remove"],"duration":5,"failing":false,"failureDetails":[],"failureMessages":[],"fullName":"ProjectsService remove should soft delete project successfully","invocations":1,"location":null,"numPassingAsserts":1,"retryReasons":[],"startAt":1786513928437,"status":"passed","title":"should soft delete project successfully"},{"ancestorTitles":["ProjectsService","importRecords"],"duration":8,"failing":false,"failureDetails":[],"failureMessages":[],"fullName":"ProjectsService importRecords should import valid records and skip invalid ones","invocations":1,"location":null,"numPassingAsserts":2,"retryReasons":[],"startAt":1786513928442,"status":"passed","title":"should import valid records and skip invalid ones"},{"ancestorTitles":["ProjectsService","getByStatus"],"duration":7,"failing":false,"failureDetails":[],"failureMessages":[],"fullName":"ProjectsService getByStatus should throw ForbiddenException if user is not admin or manager","invocations":1,"location":null,"numPassingAsserts":1,"retryReasons":[],"startAt":1786513928451,"status":"passed","title":"should throw ForbiddenException if user is not admin or manager"},{"ancestorTitles":["ProjectsService","getByStatus"],"duration":6,"failing":false,"failureDetails":[],"failureMessages":[],"fullName":"ProjectsService getByStatus should return projects grouped by status","invocations":1,"location":null,"numPassingAsserts":2,"retryReasons":[],"startAt":1786513928458,"status":"passed","title":"should return projects grouped by status"},{"ancestorTitles":["ProjectsService","getLinks"],"duration":5,"failing":false,"failureDetails":[],"failureMessages":[],"fullName":"ProjectsService getLinks should throw ForbiddenException if user has no organizationId","invocations":1,"location":null,"numPassingAsserts":1,"retryReasons":[],"startAt":1786513928465,"status":"passed","title":"should throw ForbiddenException if user has no organizationId"},{"ancestorTitles":["ProjectsService","getLinks"],"duration":5,"failing":false,"failureDetails":[],"failureMessages":[],"fullName":"ProjectsService getLinks should throw ForbiddenException if user has no access to project","invocations":1,"location":null,"numPassingAsserts":1,"retryReasons":[],"startAt":1786513928470,"status":"passed","title":"should throw ForbiddenException if user has no access to project"},{"ancestorTitles":["ProjectsService","getLinks"],"duration":44,"failing":false,"failureDetails":[],"failureMessages":[],"fullName":"ProjectsService getLinks should return project links","invocations":1,"location":null,"numPassingAsserts":1,"retryReasons":[],"startAt":1786513928476,"status":"passed","title":"should return project links"},{"ancestorTitles":["ProjectsService","createLink"],"duration":6,"failing":false,"failureDetails":[],"failureMessages":[],"fullName":"ProjectsService createLink should throw ForbiddenException if user has no organizationId","invocations":1,"location":null,"numPassingAsserts":1,"retryReasons":[],"startAt":1786513928520,"status":"passed","title":"should throw ForbiddenException if user has no organizationId"},{"ancestorTitles":["ProjectsService","createLink"],"duration":6,"failing":false,"failureDetails":[],"failureMessages":[],"fullName":"ProjectsService createLink should throw ForbiddenException if user cannot manage project","invocations":1,"location":null,"numPassingAsserts":1,"retryReasons":[],"startAt":1786513928526,"status":"passed","title":"should throw ForbiddenException if user cannot manage project"},{"ancestorTitles":["ProjectsService","createLink"],"duration":5,"failing":false,"failureDetails":[],"failureMessages":[],"fullName":"ProjectsService createLink should create project link successfully","invocations":1,"location":null,"numPassingAsserts":1,"retryReasons":[],"startAt":1786513928532,"status":"passed","title":"should create project link successfully"},{"ancestorTitles":["ProjectsService","removeLink"],"duration":5,"failing":false,"failureDetails":[],"failureMessages":[],"fullName":"ProjectsService removeLink should throw ForbiddenException if user has no organizationId","invocations":1,"location":null,"numPassingAsserts":1,"retryReasons":[],"startAt":1786513928538,"status":"passed","title":"should throw ForbiddenException if user has no organizationId"},{"ancestorTitles":["ProjectsService","removeLink"],"duration":5,"failing":false,"failureDetails":[],"failureMessages":[],"fullName":"ProjectsService removeLink should throw ForbiddenException if user cannot manage project","invocations":1,"location":null,"numPassingAsserts":1,"retryReasons":[],"startAt":1786513928544,"status":"passed","title":"should throw ForbiddenException if user cannot manage project"},{"ancestorTitles":["ProjectsService","removeLink"],"duration":5,"failing":false,"failureDetails":[],"failureMessages":[],"fullName":"ProjectsService removeLink should throw NotFoundException if link not found","invocations":1,"location":null,"numPassingAsserts":1,"retryReasons":[],"startAt":1786513928550,"status":"passed","title":"should throw NotFoundException if link not found"},{"ancestorTitles":["ProjectsService","removeLink"],"duration":4,"failing":false,"failureDetails":[],"failureMessages":[],"fullName":"ProjectsService removeLink should soft delete project link successfully","invocations":1,"location":null,"numPassingAsserts":1,"retryReasons":[],"startAt":1786513928556,"status":"passed","title":"should soft delete project link successfully"},{"ancestorTitles":["ProjectsService","getProgress"],"duration":6,"failing":false,"failureDetails":[],"failureMessages":[],"fullName":"ProjectsService getProgress should throw ForbiddenException if user has no organizationId","invocations":1,"location":null,"numPassingAsserts":1,"retryReasons":[],"startAt":1786513928561,"status":"passed","title":"should throw ForbiddenException if user has no organizationId"},{"ancestorTitles":["ProjectsService","getProgress"],"duration":6,"failing":false,"failureDetails":[],"failureMessages":[],"fullName":"ProjectsService getProgress should throw ForbiddenException if user cannot manage project","invocations":1,"location":null,"numPassingAsserts":1,"retryReasons":[],"startAt":1786513928568,"status":"passed","title":"should throw ForbiddenException if user cannot manage project"},{"ancestorTitles":["ProjectsService","getProgress"],"duration":5,"failing":false,"failureDetails":[],"failureMessages":[],"fullName":"ProjectsService getProgress should throw NotFoundException if project not found","invocations":1,"location":null,"numPassingAsserts":1,"retryReasons":[],"startAt":1786513928574,"status":"passed","title":"should throw NotFoundException if project not found"},{"ancestorTitles":["ProjectsService","getProgress"],"duration":5,"failing":false,"failureDetails":[],"failureMessages":[],"fullName":"ProjectsService getProgress should return progress data","invocations":1,"location":null,"numPassingAsserts":2,"retryReasons":[],"startAt":1786513928580,"status":"passed","title":"should return progress data"}],"endTime":1786513928587,"message":"","name":"C:\\Users\\91773\\enterprise-app\\api\\src\\projects\\projects.service.spec.ts","startTime":1786513927557,"status":"passed","summary":""},{"assertionResults":[{"ancestorTitles":["AuthController"],"duration":7,"failing":false,"failureDetails":[],"failureMessages":[],"fullName":"AuthController should be defined","invocations":1,"location":null,"numPassingAsserts":1,"retryReasons":[],"startAt":1786513929174,"status":"passed","title":"should be defined"}],"endTime":1786513929182,"message":"","name":"C:\\Users\\91773\\enterprise-app\\api\\src\\auth\\auth.controller.spec.ts","startTime":1786513928601,"status":"passed","summary":""},{"assertionResults":[{"ancestorTitles":["TasksService"],"duration":8,"failing":false,"failureDetails":[],"failureMessages":[],"fullName":"TasksService should be defined","invocations":1,"location":null,"numPassingAsserts":1,"retryReasons":[],"startAt":1786513929590,"status":"passed","title":"should be defined"},{"ancestorTitles":["TasksService","create"],"duration":25,"failing":false,"failureDetails":[],"failureMessages":[],"fullName":"TasksService create should throw ForbiddenException if user is EMPLOYEE","invocations":1,"location":null,"numPassingAsserts":1,"retryReasons":[],"startAt":1786513929599,"status":"passed","title":"should throw ForbiddenException if user is EMPLOYEE"},{"ancestorTitles":["TasksService","create"],"duration":30,"failing":false,"failureDetails":[],"failureMessages":[],"fullName":"TasksService create should throw ForbiddenException if user has no organizationId","invocations":1,"location":null,"numPassingAsserts":1,"retryReasons":[],"startAt":1786513929625,"status":"passed","title":"should throw ForbiddenException if user has no organizationId"},{"ancestorTitles":["TasksService","create"],"duration":4,"failing":false,"failureDetails":[],"failureMessages":[],"fullName":"TasksService create should throw ForbiddenException if no taskName/title provided","invocations":1,"location":null,"numPassingAsserts":1,"retryReasons":[],"startAt":1786513929656,"status":"passed","title":"should throw ForbiddenException if no taskName/title provided"},{"ancestorTitles":["TasksService","create"],"duration":4,"failing":false,"failureDetails":[],"failureMessages":[],"fullName":"TasksService create should throw ForbiddenException if no projectId provided","invocations":1,"location":null,"numPassingAsserts":1,"retryReasons":[],"startAt":1786513929661,"status":"passed","title":"should throw ForbiddenException if no projectId provided"},{"ancestorTitles":["TasksService","create"],"duration":4,"failing":false,"failureDetails":[],"failureMessages":[],"fullName":"TasksService create should throw NotFoundException if project not found","invocations":1,"location":null,"numPassingAsserts":1,"retryReasons":[],"startAt":1786513929666,"status":"passed","title":"should throw NotFoundException if project not found"},{"ancestorTitles":["TasksService","create"],"duration":4,"failing":false,"failureDetails":[],"failureMessages":[],"fullName":"TasksService create should throw ForbiddenException if manager tries to create task in non-assigned project","invocations":1,"location":null,"numPassingAsserts":1,"retryReasons":[],"startAt":1786513929671,"status":"passed","title":"should throw ForbiddenException if manager tries to create task in non-assigned project"},{"ancestorTitles":["TasksService","create"],"duration":5,"failing":false,"failureDetails":[],"failureMessages":[],"fullName":"TasksService create should throw NotFoundException if assigned user not found","invocations":1,"location":null,"numPassingAsserts":1,"retryReasons":[],"startAt":1786513929675,"status":"passed","title":"should throw NotFoundException if assigned user not found"},{"ancestorTitles":["TasksService","create"],"duration":4,"failing":false,"failureDetails":[],"failureMessages":[],"fullName":"TasksService create should throw ForbiddenException if manager tries to assign to non-employee","invocations":1,"location":null,"numPassingAsserts":1,"retryReasons":[],"startAt":1786513929680,"status":"passed","title":"should throw ForbiddenException if manager tries to assign to non-employee"},{"ancestorTitles":["TasksService","create"],"duration":4,"failing":false,"failureDetails":[],"failureMessages":[],"fullName":"TasksService create should create task successfully for admin","invocations":1,"location":null,"numPassingAsserts":2,"retryReasons":[],"startAt":1786513929684,"status":"passed","title":"should create task successfully for admin"},{"ancestorTitles":["TasksService","findAll"],"duration":8,"failing":false,"failureDetails":[],"failureMessages":[],"fullName":"TasksService findAll should return all tasks for admin","invocations":1,"location":null,"numPassingAsserts":1,"retryReasons":[],"startAt":1786513929688,"status":"passed","title":"should return all tasks for admin"},{"ancestorTitles":["TasksService","findAll"],"duration":4,"failing":false,"failureDetails":[],"failureMessages":[],"fullName":"TasksService findAll should return filtered tasks for employee","invocations":1,"location":null,"numPassingAsserts":1,"retryReasons":[],"startAt":1786513929697,"status":"passed","title":"should return filtered tasks for employee"},{"ancestorTitles":["TasksService","findOne"],"duration":4,"failing":false,"failureDetails":[],"failureMessages":[],"fullName":"TasksService findOne should throw NotFoundException if task not found","invocations":1,"location":null,"numPassingAsserts":1,"retryReasons":[],"startAt":1786513929702,"status":"passed","title":"should throw NotFoundException if task not found"},{"ancestorTitles":["TasksService","findOne"],"duration":4,"failing":false,"failureDetails":[],"failureMessages":[],"fullName":"TasksService findOne should return task if found","invocations":1,"location":null,"numPassingAsserts":1,"retryReasons":[],"startAt":1786513929706,"status":"passed","title":"should return task if found"},{"ancestorTitles":["TasksService","update"],"duration":4,"failing":false,"failureDetails":[],"failureMessages":[],"fullName":"TasksService update should throw ForbiddenException if user cannot manage task","invocations":1,"location":null,"numPassingAsserts":1,"retryReasons":[],"startAt":1786513929711,"status":"passed","title":"should throw ForbiddenException if user cannot manage task"},{"ancestorTitles":["TasksService","update"],"duration":4,"failing":false,"failureDetails":[],"failureMessages":[],"fullName":"TasksService update should throw NotFoundException if task not found","invocations":1,"location":null,"numPassingAsserts":1,"retryReasons":[],"startAt":1786513929716,"status":"passed","title":"should throw NotFoundException if task not found"},{"ancestorTitles":["TasksService","update"],"duration":4,"failing":false,"failureDetails":[],"failureMessages":[],"fullName":"TasksService update should update task successfully","invocations":1,"location":null,"numPassingAsserts":1,"retryReasons":[],"startAt":1786513929720,"status":"passed","title":"should update task successfully"},{"ancestorTitles":["TasksService","remove"],"duration":7,"failing":false,"failureDetails":[],"failureMessages":[],"fullName":"TasksService remove should throw ForbiddenException if manager cannot manage task","invocations":1,"location":null,"numPassingAsserts":1,"retryReasons":[],"startAt":1786513929725,"status":"passed","title":"should throw ForbiddenException if manager cannot manage task"},{"ancestorTitles":["TasksService","remove"],"duration":5,"failing":false,"failureDetails":[],"failureMessages":[],"fullName":"TasksService remove should soft delete task for admin","invocations":1,"location":null,"numPassingAsserts":1,"retryReasons":[],"startAt":1786513929734,"status":"passed","title":"should soft delete task for admin"},{"ancestorTitles":["TasksService","importRecords"],"duration":34,"failing":false,"failureDetails":[],"failureMessages":[],"fullName":"TasksService importRecords should import valid records and skip invalid ones","invocations":1,"location":null,"numPassingAsserts":2,"retryReasons":[],"startAt":1786513929740,"status":"passed","title":"should import valid records and skip invalid ones"},{"ancestorTitles":["TasksService","getByPriority"],"duration":59,"failing":false,"failureDetails":[],"failureMessages":[],"fullName":"TasksService getByPriority should throw ForbiddenException if user is EMPLOYEE","invocations":1,"location":null,"numPassingAsserts":1,"retryReasons":[],"startAt":1786513929774,"status":"passed","title":"should throw ForbiddenException if user is EMPLOYEE"},{"ancestorTitles":["TasksService","getByPriority"],"duration":12,"failing":false,"failureDetails":[],"failureMessages":[],"fullName":"TasksService getByPriority should return tasks grouped by priority","invocations":1,"location":null,"numPassingAsserts":2,"retryReasons":[],"startAt":1786513929836,"status":"passed","title":"should return tasks grouped by priority"},{"ancestorTitles":["TasksService","getUpcoming"],"duration":8,"failing":false,"failureDetails":[],"failureMessages":[],"fullName":"TasksService getUpcoming should return upcoming tasks","invocations":1,"location":null,"numPassingAsserts":1,"retryReasons":[],"startAt":1786513929849,"status":"passed","title":"should return upcoming tasks"},{"ancestorTitles":["TasksService","getByLead"],"duration":10,"failing":false,"failureDetails":[],"failureMessages":[],"fullName":"TasksService getByLead should return tasks for lead","invocations":1,"location":null,"numPassingAsserts":1,"retryReasons":[],"startAt":1786513929858,"status":"passed","title":"should return tasks for lead"},{"ancestorTitles":["TasksService","getByDeal"],"duration":5,"failing":false,"failureDetails":[],"failureMessages":[],"fullName":"TasksService getByDeal should return tasks for deal","invocations":1,"location":null,"numPassingAsserts":1,"retryReasons":[],"startAt":1786513929869,"status":"passed","title":"should return tasks for deal"},{"ancestorTitles":["TasksService","updateStatus"],"duration":33,"failing":false,"failureDetails":[],"failureMessages":[],"fullName":"TasksService updateStatus should throw NotFoundException if task not found","invocations":1,"location":null,"numPassingAsserts":1,"retryReasons":[],"startAt":1786513929874,"status":"passed","title":"should throw NotFoundException if task not found"},{"ancestorTitles":["TasksService","updateStatus"],"duration":7,"failing":false,"failureDetails":[],"failureMessages":[],"fullName":"TasksService updateStatus should throw ForbiddenException if employee tries to update unassigned task","invocations":1,"location":null,"numPassingAsserts":1,"retryReasons":[],"startAt":1786513929908,"status":"passed","title":"should throw ForbiddenException if employee tries to update unassigned task"},{"ancestorTitles":["TasksService","updateStatus"],"duration":8,"failing":false,"failureDetails":[],"failureMessages":[],"fullName":"TasksService updateStatus should update status successfully for employee","invocations":1,"location":null,"numPassingAsserts":1,"retryReasons":[],"startAt":1786513929916,"status":"passed","title":"should update status successfully for employee"},{"ancestorTitles":["TasksService","submitWork"],"duration":10,"failing":false,"failureDetails":[],"failureMessages":[],"fullName":"TasksService submitWork should throw NotFoundException if task not found for employee","invocations":1,"location":null,"numPassingAsserts":1,"retryReasons":[],"startAt":1786513929927,"status":"passed","title":"should throw NotFoundException if task not found for employee"},{"ancestorTitles":["TasksService","submitWork"],"duration":7,"failing":false,"failureDetails":[],"failureMessages":[],"fullName":"TasksService submitWork should submit work successfully","invocations":1,"location":null,"numPassingAsserts":2,"retryReasons":[],"startAt":1786513929938,"status":"passed","title":"should submit work successfully"},{"ancestorTitles":["TasksService","reviewTask"],"duration":6,"failing":false,"failureDetails":[],"failureMessages":[],"fullName":"TasksService reviewTask should throw ForbiddenException if user cannot manage task","invocations":1,"location":null,"numPassingAsserts":1,"retryReasons":[],"startAt":1786513929945,"status":"passed","title":"should throw ForbiddenException if user cannot manage task"},{"ancestorTitles":["TasksService","reviewTask"],"duration":5,"failing":false,"failureDetails":[],"failureMessages":[],"fullName":"TasksService reviewTask should throw BadRequestException if task is already approved","invocations":1,"location":null,"numPassingAsserts":1,"retryReasons":[],"startAt":1786513929951,"status":"passed","title":"should throw BadRequestException if task is already approved"},{"ancestorTitles":["TasksService","reviewTask"],"duration":42,"failing":false,"failureDetails":[],"failureMessages":[],"fullName":"TasksService reviewTask should approve task successfully","invocations":1,"location":null,"numPassingAsserts":2,"retryReasons":[],"startAt":1786513929957,"status":"passed","title":"should approve task successfully"},{"ancestorTitles":["TasksService","reviewTask"],"duration":5,"failing":false,"failureDetails":[],"failureMessages":[],"fullName":"TasksService reviewTask should reject task successfully","invocations":1,"location":null,"numPassingAsserts":2,"retryReasons":[],"startAt":1786513930000,"status":"passed","title":"should reject task successfully"}],"endTime":1786513930007,"message":"","name":"C:\\Users\\91773\\enterprise-app\\api\\src\\tasks\\tasks.service.spec.ts","startTime":1786513929189,"status":"passed","summary":""},{"assertionResults":[{"ancestorTitles":["DealsService"],"duration":7,"failing":false,"failureDetails":[],"failureMessages":[],"fullName":"DealsService should be defined","invocations":1,"location":null,"numPassingAsserts":1,"retryReasons":[],"startAt":1786513930393,"status":"passed","title":"should be defined"},{"ancestorTitles":["DealsService","create"],"duration":22,"failing":false,"failureDetails":[],"failureMessages":[],"fullName":"DealsService create should throw ForbiddenException if user has no organizationId","invocations":1,"location":null,"numPassingAsserts":1,"retryReasons":[],"startAt":1786513930400,"status":"passed","title":"should throw ForbiddenException if user has no organizationId"},{"ancestorTitles":["DealsService","create"],"duration":7,"failing":false,"failureDetails":[],"failureMessages":[],"fullName":"DealsService create should create deal successfully for admin","invocations":1,"location":null,"numPassingAsserts":3,"retryReasons":[],"startAt":1786513930422,"status":"passed","title":"should create deal successfully for admin"},{"ancestorTitles":["DealsService","findAll"],"duration":7,"failing":false,"failureDetails":[],"failureMessages":[],"fullName":"DealsService findAll should throw ForbiddenException if user has no organizationId","invocations":1,"location":null,"numPassingAsserts":1,"retryReasons":[],"startAt":1786513930430,"status":"passed","title":"should throw ForbiddenException if user has no organizationId"},{"ancestorTitles":["DealsService","findAll"],"duration":4,"failing":false,"failureDetails":[],"failureMessages":[],"fullName":"DealsService findAll should return all deals for admin","invocations":1,"location":null,"numPassingAsserts":1,"retryReasons":[],"startAt":1786513930437,"status":"passed","title":"should return all deals for admin"},{"ancestorTitles":["DealsService","findAll"],"duration":5,"failing":false,"failureDetails":[],"failureMessages":[],"fullName":"DealsService findAll should return filtered deals for employee","invocations":1,"location":null,"numPassingAsserts":1,"retryReasons":[],"startAt":1786513930442,"status":"passed","title":"should return filtered deals for employee"},{"ancestorTitles":["DealsService","findOne"],"duration":4,"failing":false,"failureDetails":[],"failureMessages":[],"fullName":"DealsService findOne should throw ForbiddenException if user has no organizationId","invocations":1,"location":null,"numPassingAsserts":1,"retryReasons":[],"startAt":1786513930448,"status":"passed","title":"should throw ForbiddenException if user has no organizationId"},{"ancestorTitles":["DealsService","findOne"],"duration":5,"failing":false,"failureDetails":[],"failureMessages":[],"fullName":"DealsService findOne should throw NotFoundException if deal not found","invocations":1,"location":null,"numPassingAsserts":1,"retryReasons":[],"startAt":1786513930452,"status":"passed","title":"should throw NotFoundException if deal not found"},{"ancestorTitles":["DealsService","findOne"],"duration":6,"failing":false,"failureDetails":[],"failureMessages":[],"fullName":"DealsService findOne should throw ForbiddenException if employee tries to access unassigned deal","invocations":1,"location":null,"numPassingAsserts":1,"retryReasons":[],"startAt":1786513930458,"status":"passed","title":"should throw ForbiddenException if employee tries to access unassigned deal"},{"ancestorTitles":["DealsService","findOne"],"duration":6,"failing":false,"failureDetails":[],"failureMessages":[],"fullName":"DealsService findOne should return deal if found for admin","invocations":1,"location":null,"numPassingAsserts":1,"retryReasons":[],"startAt":1786513930464,"status":"passed","title":"should return deal if found for admin"},{"ancestorTitles":["DealsService","update"],"duration":7,"failing":false,"failureDetails":[],"failureMessages":[],"fullName":"DealsService update should throw ForbiddenException if user has no organizationId","invocations":1,"location":null,"numPassingAsserts":1,"retryReasons":[],"startAt":1786513930471,"status":"passed","title":"should throw ForbiddenException if user has no organizationId"},{"ancestorTitles":["DealsService","update"],"duration":4,"failing":false,"failureDetails":[],"failureMessages":[],"fullName":"DealsService update should update deal successfully","invocations":1,"location":null,"numPassingAsserts":3,"retryReasons":[],"startAt":1786513930479,"status":"passed","title":"should update deal successfully"},{"ancestorTitles":["DealsService","update"],"duration":4,"failing":false,"failureDetails":[],"failureMessages":[],"fullName":"DealsService update should emit deal.status_updated event when stage changes","invocations":1,"location":null,"numPassingAsserts":2,"retryReasons":[],"startAt":1786513930484,"status":"passed","title":"should emit deal.status_updated event when stage changes"},{"ancestorTitles":["DealsService","remove"],"duration":6,"failing":false,"failureDetails":[],"failureMessages":[],"fullName":"DealsService remove should throw ForbiddenException if user has no organizationId","invocations":1,"location":null,"numPassingAsserts":1,"retryReasons":[],"startAt":1786513930489,"status":"passed","title":"should throw ForbiddenException if user has no organizationId"},{"ancestorTitles":["DealsService","remove"],"duration":6,"failing":false,"failureDetails":[],"failureMessages":[],"fullName":"DealsService remove should soft delete deal successfully","invocations":1,"location":null,"numPassingAsserts":2,"retryReasons":[],"startAt":1786513930496,"status":"passed","title":"should soft delete deal successfully"},{"ancestorTitles":["DealsService","importRecords"],"duration":39,"failing":false,"failureDetails":[],"failureMessages":[],"fullName":"DealsService importRecords should throw ForbiddenException if user has no organizationId","invocations":1,"location":null,"numPassingAsserts":1,"retryReasons":[],"startAt":1786513930502,"status":"passed","title":"should throw ForbiddenException if user has no organizationId"},{"ancestorTitles":["DealsService","importRecords"],"duration":5,"failing":false,"failureDetails":[],"failureMessages":[],"fullName":"DealsService importRecords should import valid records and skip invalid ones","invocations":1,"location":null,"numPassingAsserts":2,"retryReasons":[],"startAt":1786513930541,"status":"passed","title":"should import valid records and skip invalid ones"},{"ancestorTitles":["DealsService","getPipeline"],"duration":6,"failing":false,"failureDetails":[],"failureMessages":[],"fullName":"DealsService getPipeline should throw ForbiddenException if user has no organizationId","invocations":1,"location":null,"numPassingAsserts":1,"retryReasons":[],"startAt":1786513930547,"status":"passed","title":"should throw ForbiddenException if user has no organizationId"},{"ancestorTitles":["DealsService","getPipeline"],"duration":4,"failing":false,"failureDetails":[],"failureMessages":[],"fullName":"DealsService getPipeline should return deals grouped by pipeline stages","invocations":1,"location":null,"numPassingAsserts":2,"retryReasons":[],"startAt":1786513930554,"status":"passed","title":"should return deals grouped by pipeline stages"},{"ancestorTitles":["DealsService","handleDealWon"],"duration":5,"failing":false,"failureDetails":[],"failureMessages":[],"fullName":"DealsService handleDealWon should throw NotFoundException if deal ID is invalid","invocations":1,"location":null,"numPassingAsserts":1,"retryReasons":[],"startAt":1786513930559,"status":"passed","title":"should throw NotFoundException if deal ID is invalid"},{"ancestorTitles":["DealsService","handleDealWon"],"duration":20,"failing":false,"failureDetails":[],"failureMessages":[],"fullName":"DealsService handleDealWon should update deal stage to WON","invocations":1,"location":null,"numPassingAsserts":1,"retryReasons":[],"startAt":1786513930565,"status":"passed","title":"should update deal stage to WON"}],"endTime":1786513930586,"message":"","name":"C:\\Users\\91773\\enterprise-app\\api\\src\\deals\\deals.service.spec.ts","startTime":1786513930014,"status":"passed","summary":""},{"assertionResults":[{"ancestorTitles":["LeaveRequestsService"],"duration":11,"failing":false,"failureDetails":[],"failureMessages":[],"fullName":"LeaveRequestsService should be defined","invocations":1,"location":null,"numPassingAsserts":1,"retryReasons":[],"startAt":1786513930975,"status":"passed","title":"should be defined"},{"ancestorTitles":["LeaveRequestsService","create"],"duration":28,"failing":false,"failureDetails":[],"failureMessages":[],"fullName":"LeaveRequestsService create should throw ForbiddenException if user has no organizationId","invocations":1,"location":null,"numPassingAsserts":1,"retryReasons":[],"startAt":1786513930987,"status":"passed","title":"should throw ForbiddenException if user has no organizationId"},{"ancestorTitles":["LeaveRequestsService","create"],"duration":5,"failing":false,"failureDetails":[],"failureMessages":[],"fullName":"LeaveRequestsService create should throw ForbiddenException if employee tries to create request for someone else","invocations":1,"location":null,"numPassingAsserts":1,"retryReasons":[],"startAt":1786513931016,"status":"passed","title":"should throw ForbiddenException if employee tries to create request for someone else"},{"ancestorTitles":["LeaveRequestsService","create"],"duration":7,"failing":false,"failureDetails":[],"failureMessages":[],"fullName":"LeaveRequestsService create should throw NotFoundException if employee not found","invocations":1,"location":null,"numPassingAsserts":1,"retryReasons":[],"startAt":1786513931022,"status":"passed","title":"should throw NotFoundException if employee not found"},{"ancestorTitles":["LeaveRequestsService","create"],"duration":6,"failing":false,"failureDetails":[],"failureMessages":[],"fullName":"LeaveRequestsService create should create leave request successfully for admin","invocations":1,"location":null,"numPassingAsserts":3,"retryReasons":[],"startAt":1786513931030,"status":"passed","title":"should create leave request successfully for admin"},{"ancestorTitles":["LeaveRequestsService","findAll"],"duration":7,"failing":false,"failureDetails":[],"failureMessages":[],"fullName":"LeaveRequestsService findAll should throw ForbiddenException if user has no organizationId","invocations":1,"location":null,"numPassingAsserts":1,"retryReasons":[],"startAt":1786513931036,"status":"passed","title":"should throw ForbiddenException if user has no organizationId"},{"ancestorTitles":["LeaveRequestsService","findAll"],"duration":7,"failing":false,"failureDetails":[],"failureMessages":[],"fullName":"LeaveRequestsService findAll should return all leave requests for admin","invocations":1,"location":null,"numPassingAsserts":1,"retryReasons":[],"startAt":1786513931044,"status":"passed","title":"should return all leave requests for admin"},{"ancestorTitles":["LeaveRequestsService","findOne"],"duration":4,"failing":false,"failureDetails":[],"failureMessages":[],"fullName":"LeaveRequestsService findOne should throw NotFoundException if leave request not found","invocations":1,"location":null,"numPassingAsserts":1,"retryReasons":[],"startAt":1786513931051,"status":"passed","title":"should throw NotFoundException if leave request not found"},{"ancestorTitles":["LeaveRequestsService","findOne"],"duration":35,"failing":false,"failureDetails":[],"failureMessages":[],"fullName":"LeaveRequestsService findOne should return leave request if found","invocations":1,"location":null,"numPassingAsserts":1,"retryReasons":[],"startAt":1786513931056,"status":"passed","title":"should return leave request if found"},{"ancestorTitles":["LeaveRequestsService","update"],"duration":6,"failing":false,"failureDetails":[],"failureMessages":[],"fullName":"LeaveRequestsService update should throw ForbiddenException if user has no organizationId","invocations":1,"location":null,"numPassingAsserts":1,"retryReasons":[],"startAt":1786513931092,"status":"passed","title":"should throw ForbiddenException if user has no organizationId"},{"ancestorTitles":["LeaveRequestsService","update"],"duration":12,"failing":false,"failureDetails":[],"failureMessages":[],"fullName":"LeaveRequestsService update should throw NotFoundException if leave request not found","invocations":1,"location":null,"numPassingAsserts":1,"retryReasons":[],"startAt":1786513931098,"status":"passed","title":"should throw NotFoundException if leave request not found"},{"ancestorTitles":["LeaveRequestsService","update"],"duration":5,"failing":false,"failureDetails":[],"failureMessages":[],"fullName":"LeaveRequestsService update should throw ForbiddenException if employee tries to update finalized request","invocations":1,"location":null,"numPassingAsserts":1,"retryReasons":[],"startAt":1786513931111,"status":"passed","title":"should throw ForbiddenException if employee tries to update finalized request"},{"ancestorTitles":["LeaveRequestsService","update"],"duration":5,"failing":false,"failureDetails":[],"failureMessages":[],"fullName":"LeaveRequestsService update should update leave request successfully","invocations":1,"location":null,"numPassingAsserts":1,"retryReasons":[],"startAt":1786513931116,"status":"passed","title":"should update leave request successfully"},{"ancestorTitles":["LeaveRequestsService","remove"],"duration":5,"failing":false,"failureDetails":[],"failureMessages":[],"fullName":"LeaveRequestsService remove should throw NotFoundException if leave request not found","invocations":1,"location":null,"numPassingAsserts":1,"retryReasons":[],"startAt":1786513931121,"status":"passed","title":"should throw NotFoundException if leave request not found"},{"ancestorTitles":["LeaveRequestsService","remove"],"duration":7,"failing":false,"failureDetails":[],"failureMessages":[],"fullName":"LeaveRequestsService remove should soft delete leave request for admin","invocations":1,"location":null,"numPassingAsserts":1,"retryReasons":[],"startAt":1786513931127,"status":"passed","title":"should soft delete leave request for admin"},{"ancestorTitles":["LeaveRequestsService","importRecords"],"duration":8,"failing":false,"failureDetails":[],"failureMessages":[],"fullName":"LeaveRequestsService importRecords should import valid records and skip invalid ones","invocations":1,"location":null,"numPassingAsserts":2,"retryReasons":[],"startAt":1786513931135,"status":"passed","title":"should import valid records and skip invalid ones"},{"ancestorTitles":["LeaveRequestsService","managerApprove"],"duration":5,"failing":false,"failureDetails":[],"failureMessages":[],"fullName":"LeaveRequestsService managerApprove should throw NotFoundException if leave request not found","invocations":1,"location":null,"numPassingAsserts":1,"retryReasons":[],"startAt":1786513931144,"status":"passed","title":"should throw NotFoundException if leave request not found"},{"ancestorTitles":["LeaveRequestsService","managerApprove"],"duration":4,"failing":false,"failureDetails":[],"failureMessages":[],"fullName":"LeaveRequestsService managerApprove should throw ForbiddenException if request not pending manager","invocations":1,"location":null,"numPassingAsserts":1,"retryReasons":[],"startAt":1786513931150,"status":"passed","title":"should throw ForbiddenException if request not pending manager"},{"ancestorTitles":["LeaveRequestsService","managerApprove"],"duration":5,"failing":false,"failureDetails":[],"failureMessages":[],"fullName":"LeaveRequestsService managerApprove should approve request successfully for manager","invocations":1,"location":null,"numPassingAsserts":2,"retryReasons":[],"startAt":1786513931155,"status":"passed","title":"should approve request successfully for manager"},{"ancestorTitles":["LeaveRequestsService","hrApprove"],"duration":4,"failing":false,"failureDetails":[],"failureMessages":[],"fullName":"LeaveRequestsService hrApprove should throw NotFoundException if leave request not found","invocations":1,"location":null,"numPassingAsserts":1,"retryReasons":[],"startAt":1786513931161,"status":"passed","title":"should throw NotFoundException if leave request not found"},{"ancestorTitles":["LeaveRequestsService","hrApprove"],"duration":20,"failing":false,"failureDetails":[],"failureMessages":[],"fullName":"LeaveRequestsService hrApprove should throw ForbiddenException if request not pending HR","invocations":1,"location":null,"numPassingAsserts":1,"retryReasons":[],"startAt":1786513931166,"status":"passed","title":"should throw ForbiddenException if request not pending HR"},{"ancestorTitles":["LeaveRequestsService","hrApprove"],"duration":4,"failing":false,"failureDetails":[],"failureMessages":[],"fullName":"LeaveRequestsService hrApprove should approve request successfully for HR","invocations":1,"location":null,"numPassingAsserts":2,"retryReasons":[],"startAt":1786513931187,"status":"passed","title":"should approve request successfully for HR"},{"ancestorTitles":["LeaveRequestsService","reject"],"duration":36,"failing":false,"failureDetails":[],"failureMessages":[],"fullName":"LeaveRequestsService reject should throw NotFoundException if leave request not found","invocations":1,"location":null,"numPassingAsserts":1,"retryReasons":[],"startAt":1786513931192,"status":"passed","title":"should throw NotFoundException if leave request not found"},{"ancestorTitles":["LeaveRequestsService","reject"],"duration":4,"failing":false,"failureDetails":[],"failureMessages":[],"fullName":"LeaveRequestsService reject should reject request successfully","invocations":1,"location":null,"numPassingAsserts":2,"retryReasons":[],"startAt":1786513931229,"status":"passed","title":"should reject request successfully"}],"endTime":1786513931235,"message":"","name":"C:\\Users\\91773\\enterprise-app\\api\\src\\leave-requests\\leave-requests.service.spec.ts","startTime":1786513930592,"status":"passed","summary":""},{"assertionResults":[{"ancestorTitles":["InvoicesService"],"duration":33,"failing":false,"failureDetails":[],"failureMessages":[],"fullName":"InvoicesService should be defined","invocations":1,"location":null,"numPassingAsserts":1,"retryReasons":[],"startAt":1786513931591,"status":"passed","title":"should be defined"},{"ancestorTitles":["InvoicesService","validateOrganization"],"duration":25,"failing":false,"failureDetails":[],"failureMessages":[],"fullName":"InvoicesService validateOrganization should throw BadRequestException if user has no organizationId","invocations":1,"location":null,"numPassingAsserts":1,"retryReasons":[],"startAt":1786513931624,"status":"passed","title":"should throw BadRequestException if user has no organizationId"},{"ancestorTitles":["InvoicesService","validateOrganization"],"duration":5,"failing":false,"failureDetails":[],"failureMessages":[],"fullName":"InvoicesService validateOrganization should return organizationId if valid","invocations":1,"location":null,"numPassingAsserts":1,"retryReasons":[],"startAt":1786513931650,"status":"passed","title":"should return organizationId if valid"},{"ancestorTitles":["InvoicesService","create"],"duration":5,"failing":false,"failureDetails":[],"failureMessages":[],"fullName":"InvoicesService create should create invoice successfully","invocations":1,"location":null,"numPassingAsserts":2,"retryReasons":[],"startAt":1786513931656,"status":"passed","title":"should create invoice successfully"},{"ancestorTitles":["InvoicesService","findAll"],"duration":5,"failing":false,"failureDetails":[],"failureMessages":[],"fullName":"InvoicesService findAll should return all invoices for organization","invocations":1,"location":null,"numPassingAsserts":2,"retryReasons":[],"startAt":1786513931662,"status":"passed","title":"should return all invoices for organization"},{"ancestorTitles":["InvoicesService","findOne"],"duration":4,"failing":false,"failureDetails":[],"failureMessages":[],"fullName":"InvoicesService findOne should throw NotFoundException if invoice not found","invocations":1,"location":null,"numPassingAsserts":1,"retryReasons":[],"startAt":1786513931668,"status":"passed","title":"should throw NotFoundException if invoice not found"},{"ancestorTitles":["InvoicesService","findOne"],"duration":4,"failing":false,"failureDetails":[],"failureMessages":[],"fullName":"InvoicesService findOne should return invoice if found","invocations":1,"location":null,"numPassingAsserts":1,"retryReasons":[],"startAt":1786513931673,"status":"passed","title":"should return invoice if found"},{"ancestorTitles":["InvoicesService","update"],"duration":5,"failing":false,"failureDetails":[],"failureMessages":[],"fullName":"InvoicesService update should update invoice successfully","invocations":1,"location":null,"numPassingAsserts":1,"retryReasons":[],"startAt":1786513931678,"status":"passed","title":"should update invoice successfully"},{"ancestorTitles":["InvoicesService","remove"],"duration":4,"failing":false,"failureDetails":[],"failureMessages":[],"fullName":"InvoicesService remove should soft delete invoice","invocations":1,"location":null,"numPassingAsserts":1,"retryReasons":[],"startAt":1786513931684,"status":"passed","title":"should soft delete invoice"},{"ancestorTitles":["InvoicesService","sendInvoice"],"duration":13,"failing":false,"failureDetails":[],"failureMessages":[],"fullName":"InvoicesService sendInvoice should send invoice successfully","invocations":1,"location":null,"numPassingAsserts":2,"retryReasons":[],"startAt":1786513931688,"status":"passed","title":"should send invoice successfully"},{"ancestorTitles":["InvoicesService","sendInvoice"],"duration":5,"failing":false,"failureDetails":[],"failureMessages":[],"fullName":"InvoicesService sendInvoice should throw BadRequestException if recipient email is missing","invocations":1,"location":null,"numPassingAsserts":1,"retryReasons":[],"startAt":1786513931702,"status":"passed","title":"should throw BadRequestException if recipient email is missing"},{"ancestorTitles":["InvoicesService","importRecords"],"duration":5,"failing":false,"failureDetails":[],"failureMessages":[],"fullName":"InvoicesService importRecords should import valid invoices and skip invalid ones","invocations":1,"location":null,"numPassingAsserts":2,"retryReasons":[],"startAt":1786513931708,"status":"passed","title":"should import valid invoices and skip invalid ones"},{"ancestorTitles":["InvoicesService","getByStatus"],"duration":4,"failing":false,"failureDetails":[],"failureMessages":[],"fullName":"InvoicesService getByStatus should return invoices grouped by status","invocations":1,"location":null,"numPassingAsserts":2,"retryReasons":[],"startAt":1786513931713,"status":"passed","title":"should return invoices grouped by status"}],"endTime":1786513931719,"message":"","name":"C:\\Users\\91773\\enterprise-app\\api\\src\\invoices\\invoices.service.spec.ts","startTime":1786513931243,"status":"passed","summary":""},{"assertionResults":[{"ancestorTitles":["LeadsService"],"duration":8,"failing":false,"failureDetails":[],"failureMessages":[],"fullName":"LeadsService should be defined","invocations":1,"location":null,"numPassingAsserts":1,"retryReasons":[],"startAt":1786513932006,"status":"passed","title":"should be defined"},{"ancestorTitles":["LeadsService","create"],"duration":21,"failing":false,"failureDetails":[],"failureMessages":[],"fullName":"LeadsService create should throw ForbiddenException if user has no organizationId","invocations":1,"location":null,"numPassingAsserts":1,"retryReasons":[],"startAt":1786513932014,"status":"passed","title":"should throw ForbiddenException if user has no organizationId"},{"ancestorTitles":["LeadsService","create"],"duration":5,"failing":false,"failureDetails":[],"failureMessages":[],"fullName":"LeadsService create should create lead successfully for admin","invocations":1,"location":null,"numPassingAsserts":2,"retryReasons":[],"startAt":1786513932035,"status":"passed","title":"should create lead successfully for admin"},{"ancestorTitles":["LeadsService","findAll"],"duration":5,"failing":false,"failureDetails":[],"failureMessages":[],"fullName":"LeadsService findAll should throw ForbiddenException if user has no organizationId","invocations":1,"location":null,"numPassingAsserts":1,"retryReasons":[],"startAt":1786513932041,"status":"passed","title":"should throw ForbiddenException if user has no organizationId"},{"ancestorTitles":["LeadsService","findAll"],"duration":6,"failing":false,"failureDetails":[],"failureMessages":[],"fullName":"LeadsService findAll should return all leads for admin","invocations":1,"location":null,"numPassingAsserts":1,"retryReasons":[],"startAt":1786513932046,"status":"passed","title":"should return all leads for admin"},{"ancestorTitles":["LeadsService","findAll"],"duration":5,"failing":false,"failureDetails":[],"failureMessages":[],"fullName":"LeadsService findAll should return filtered leads for employee","invocations":1,"location":null,"numPassingAsserts":1,"retryReasons":[],"startAt":1786513932053,"status":"passed","title":"should return filtered leads for employee"},{"ancestorTitles":["LeadsService","findAll"],"duration":31,"failing":false,"failureDetails":[],"failureMessages":[],"fullName":"LeadsService findAll should throw ForbiddenException if employee has no linked employee account","invocations":1,"location":null,"numPassingAsserts":1,"retryReasons":[],"startAt":1786513932058,"status":"passed","title":"should throw ForbiddenException if employee has no linked employee account"},{"ancestorTitles":["LeadsService","findOne"],"duration":5,"failing":false,"failureDetails":[],"failureMessages":[],"fullName":"LeadsService findOne should throw ForbiddenException if user has no organizationId","invocations":1,"location":null,"numPassingAsserts":1,"retryReasons":[],"startAt":1786513932090,"status":"passed","title":"should throw ForbiddenException if user has no organizationId"},{"ancestorTitles":["LeadsService","findOne"],"duration":7,"failing":false,"failureDetails":[],"failureMessages":[],"fullName":"LeadsService findOne should throw NotFoundException if lead not found","invocations":1,"location":null,"numPassingAsserts":1,"retryReasons":[],"startAt":1786513932096,"status":"passed","title":"should throw NotFoundException if lead not found"},{"ancestorTitles":["LeadsService","findOne"],"duration":8,"failing":false,"failureDetails":[],"failureMessages":[],"fullName":"LeadsService findOne should throw ForbiddenException if employee tries to access unassigned lead","invocations":1,"location":null,"numPassingAsserts":1,"retryReasons":[],"startAt":1786513932104,"status":"passed","title":"should throw ForbiddenException if employee tries to access unassigned lead"},{"ancestorTitles":["LeadsService","findOne"],"duration":17,"failing":false,"failureDetails":[],"failureMessages":[],"fullName":"LeadsService findOne should return lead if found for admin","invocations":1,"location":null,"numPassingAsserts":1,"retryReasons":[],"startAt":1786513932113,"status":"passed","title":"should return lead if found for admin"},{"ancestorTitles":["LeadsService","getDetail"],"duration":8,"failing":false,"failureDetails":[],"failureMessages":[],"fullName":"LeadsService getDetail should throw ForbiddenException if user has no organizationId","invocations":1,"location":null,"numPassingAsserts":1,"retryReasons":[],"startAt":1786513932131,"status":"passed","title":"should throw ForbiddenException if user has no organizationId"},{"ancestorTitles":["LeadsService","getDetail"],"duration":8,"failing":false,"failureDetails":[],"failureMessages":[],"fullName":"LeadsService getDetail should return lead details with activities and tasks","invocations":1,"location":null,"numPassingAsserts":3,"retryReasons":[],"startAt":1786513932139,"status":"passed","title":"should return lead details with activities and tasks"},{"ancestorTitles":["LeadsService","findByStatus"],"duration":5,"failing":false,"failureDetails":[],"failureMessages":[],"fullName":"LeadsService findByStatus should throw ForbiddenException if user has no organizationId","invocations":1,"location":null,"numPassingAsserts":1,"retryReasons":[],"startAt":1786513932148,"status":"passed","title":"should throw ForbiddenException if user has no organizationId"},{"ancestorTitles":["LeadsService","findByStatus"],"duration":6,"failing":false,"failureDetails":[],"failureMessages":[],"fullName":"LeadsService findByStatus should return leads grouped by status","invocations":1,"location":null,"numPassingAsserts":2,"retryReasons":[],"startAt":1786513932154,"status":"passed","title":"should return leads grouped by status"},{"ancestorTitles":["LeadsService","update"],"duration":5,"failing":false,"failureDetails":[],"failureMessages":[],"fullName":"LeadsService update should throw ForbiddenException if user has no organizationId","invocations":1,"location":null,"numPassingAsserts":1,"retryReasons":[],"startAt":1786513932161,"status":"passed","title":"should throw ForbiddenException if user has no organizationId"},{"ancestorTitles":["LeadsService","update"],"duration":5,"failing":false,"failureDetails":[],"failureMessages":[],"fullName":"LeadsService update should update lead successfully","invocations":1,"location":null,"numPassingAsserts":2,"retryReasons":[],"startAt":1786513932167,"status":"passed","title":"should update lead successfully"},{"ancestorTitles":["LeadsService","remove"],"duration":5,"failing":false,"failureDetails":[],"failureMessages":[],"fullName":"LeadsService remove should throw ForbiddenException if user has no organizationId","invocations":1,"location":null,"numPassingAsserts":1,"retryReasons":[],"startAt":1786513932173,"status":"passed","title":"should throw ForbiddenException if user has no organizationId"},{"ancestorTitles":["LeadsService","remove"],"duration":4,"failing":false,"failureDetails":[],"failureMes
[...]
ring import"}],"endTime":1786513935048,"message":"","name":"C:\\Users\\91773\\enterprise-app\\api\\src\\campaign-leads\\campaign-leads.service.spec.ts","startTime":1786513934698,"status":"passed","summary":""},{"assertionResults":[{"ancestorTitles":["MailService"],"duration":2,"failing":false,"failureDetails":[],"failureMessages":[],"fullName":"MailService rejects blank subjects before sending","invocations":1,"location":null,"numPassingAsserts":4,"retryReasons":[],"startAt":1786513935275,"status":"passed","title":"rejects blank subjects before sending"},{"ancestorTitles":["MailService"],"duration":1,"failing":false,"failureDetails":[],"failureMessages":[],"fullName":"MailService rejects empty subject string before sending","invocations":1,"location":null,"numPassingAsserts":3,"retryReasons":[],"startAt":1786513935277,"status":"passed","title":"rejects empty subject string before sending"},{"ancestorTitles":["MailService"],"duration":1,"failing":false,"failureDetails":[],"failureMessages":[],"fullName":"MailService sends successfully with valid subject (happy path)","invocations":1,"location":null,"numPassingAsserts":3,"retryReasons":[],"startAt":1786513935278,"status":"passed","title":"sends successfully with valid subject (happy path)"},{"ancestorTitles":["MailService"],"duration":1,"failing":false,"failureDetails":[],"failureMessages":[],"fullName":"MailService retries transient plain-object errors before success","invocations":1,"location":null,"numPassingAsserts":3,"retryReasons":[],"startAt":1786513935279,"status":"passed","title":"retries transient plain-object errors before success"},{"ancestorTitles":["MailService"],"duration":9,"failing":false,"failureDetails":[],"failureMessages":[],"fullName":"MailService retries transient ECONNRESET Error instances (max 2 total attempts)","invocations":1,"location":null,"numPassingAsserts":3,"retryReasons":[],"startAt":1786513935281,"status":"passed","title":"retries transient ECONNRESET Error instances (max 2 total attempts)"},{"ancestorTitles":["MailService"],"duration":25,"failing":false,"failureDetails":[],"failureMessages":[],"fullName":"MailService does NOT retry permanent provider failures (invalid credentials)","invocations":1,"location":null,"numPassingAsserts":4,"retryReasons":[],"startAt":1786513935291,"status":"passed","title":"does NOT retry permanent provider failures (invalid credentials)"},{"ancestorTitles":["MailService"],"duration":2,"failing":false,"failureDetails":[],"failureMessages":[],"fullName":"MailService does NOT retry provider result with permanent error code (e.g. invalid recipient)","invocations":1,"location":null,"numPassingAsserts":4,"retryReasons":[],"startAt":1786513935316,"status":"passed","title":"does NOT retry provider result with permanent error code (e.g. invalid recipient)"},{"ancestorTitles":["MailService"],"duration":2,"failing":false,"failureDetails":[],"failureMessages":[],"fullName":"MailService correctly uses retry count: 2 total attempts for persistent transient","invocations":1,"location":null,"numPassingAsserts":3,"retryReasons":[],"startAt":1786513935318,"status":"passed","title":"correctly uses retry count: 2 total attempts for persistent transient"},{"ancestorTitles":["MailService"],"duration":3,"failing":false,"failureDetails":[],"failureMessages":[],"fullName":"MailService keeps exceptions meaningful: includes error message in result","invocations":1,"location":null,"numPassingAsserts":3,"retryReasons":[],"startAt":1786513935320,"status":"passed","title":"keeps exceptions meaningful: includes error message in result"},{"ancestorTitles":["MailService"],"duration":1,"failing":false,"failureDetails":[],"failureMessages":[],"fullName":"MailService rejects invalid recipient email before sending","invocations":1,"location":null,"numPassingAsserts":4,"retryReasons":[],"startAt":1786513935323,"status":"passed","title":"rejects invalid recipient email before sending"}],"endTime":1786513935325,"message":"","name":"C:\\Users\\91773\\enterprise-app\\api\\src\\mail\\mail.service.spec.ts","startTime":1786513935054,"status":"passed","summary":""},{"assertionResults":[{"ancestorTitles":["LeaveRequestNotificationListener"],"duration":2,"failing":false,"failureDetails":[],"failureMessages":[],"fullName":"LeaveRequestNotificationListener includes the organization id when creating manager notifications and uses the manager email for the email","invocations":1,"location":null,"numPassingAsserts":2,"retryReasons":[],"startAt":1786513935642,"status":"passed","title":"includes the organization id when creating manager notifications and uses the manager email for the email"}],"endTime":1786513935645,"message":"","name":"C:\\Users\\91773\\enterprise-app\\api\\src\\leave-requests\\listeners\\leave-request-notification.listener.spec.ts","startTime":1786513935332,"status":"passed","summary":""},{"assertionResults":[{"ancestorTitles":["MailController"],"duration":2,"failing":false,"failureDetails":[],"failureMessages":[],"fullName":"MailController sends a diagnostic email through the shared mail service","invocations":1,"location":null,"numPassingAsserts":3,"retryReasons":[],"startAt":1786513935895,"status":"passed","title":"sends a diagnostic email through the shared mail service"},{"ancestorTitles":["MailController"],"duration":1,"failing":false,"failureDetails":[],"failureMessages":[],"fullName":"MailController rejects a debug request when no recipient is supplied","invocations":1,"location":null,"numPassingAsserts":2,"retryReasons":[],"startAt":1786513935897,"status":"passed","title":"rejects a debug request when no recipient is supplied"}],"endTime":1786513935899,"message":"","name":"C:\\Users\\91773\\enterprise-app\\api\\src\\mail\\mail.controller.spec.ts","startTime":1786513935651,"status":"passed","summary":""},{"assertionResults":[{"ancestorTitles":["WorkflowEngineService"],"duration":8,"failing":false,"failureDetails":[],"failureMessages":[],"fullName":"WorkflowEngineService repairs an existing workflow instance by creating initial steps before approval","invocations":1,"location":null,"numPassingAsserts":2,"retryReasons":[],"startAt":1786513936183,"status":"passed","title":"repairs an existing workflow instance by creating initial steps before approval"}],"endTime":1786513936192,"message":"","name":"C:\\Users\\91773\\enterprise-app\\api\\src\\workflows\\workflow-engine.service.spec.ts","startTime":1786513935905,"status":"passed","summary":""},{"assertionResults":[{"ancestorTitles":["PaymentsService"],"duration":8,"failing":false,"failureDetails":[],"failureMessages":[],"fullName":"PaymentsService should be defined","invocations":1,"location":null,"numPassingAsserts":1,"retryReasons":[],"startAt":1786513936420,"status":"passed","title":"should be defined"},{"ancestorTitles":["PaymentsService","create"],"duration":19,"failing":false,"failureDetails":[],"failureMessages":[],"fullName":"PaymentsService create should throw ForbiddenException if user has no organizationId","invocations":1,"location":null,"numPassingAsserts":1,"retryReasons":[],"startAt":1786513936429,"status":"passed","title":"should throw ForbiddenException if user has no organizationId"},{"ancestorTitles":["PaymentsService","create"],"duration":6,"failing":false,"failureDetails":[],"failureMessages":[],"fullName":"PaymentsService create should create a payment successfully for admin","invocations":1,"location":null,"numPassingAsserts":2,"retryReasons":[],"startAt":1786513936449,"status":"passed","title":"should create a payment successfully for admin"},{"ancestorTitles":["PaymentsService","findAll"],"duration":5,"failing":false,"failureDetails":[],"failureMessages":[],"fullName":"PaymentsService findAll should throw ForbiddenException if user has no organizationId","invocations":1,"location":null,"numPassingAsserts":1,"retryReasons":[],"startAt":1786513936457,"status":"passed","title":"should throw ForbiddenException if user has no organizationId"},{"ancestorTitles":["PaymentsService","findAll"],"duration":4,"failing":false,"failureDetails":[],"failureMessages":[],"fullName":"PaymentsService findAll should return all payments for the organization","invocations":1,"location":null,"numPassingAsserts":2,"retryReasons":[],"startAt":1786513936463,"status":"passed","title":"should return all payments for the organization"},{"ancestorTitles":["PaymentsService","findByInvoice"],"duration":8,"failing":false,"failureDetails":[],"failureMessages":[],"fullName":"PaymentsService findByInvoice should throw ForbiddenException if user has no organizationId","invocations":1,"location":null,"numPassingAsserts":1,"retryReasons":[],"startAt":1786513936467,"status":"passed","title":"should throw ForbiddenException if user has no organizationId"},{"ancestorTitles":["PaymentsService","findByInvoice"],"duration":6,"failing":false,"failureDetails":[],"failureMessages":[],"fullName":"PaymentsService findByInvoice should return payments, total, paid, and remaining amount for an invoice","invocations":1,"location":null,"numPassingAsserts":4,"retryReasons":[],"startAt":1786513936475,"status":"passed","title":"should return payments, total, paid, and remaining amount for an invoice"},{"ancestorTitles":["PaymentsService","findByInvoice"],"duration":4,"failing":false,"failureDetails":[],"failureMessages":[],"fullName":"PaymentsService findByInvoice should handle case where invoice is not found","invocations":1,"location":null,"numPassingAsserts":4,"retryReasons":[],"startAt":1786513936482,"status":"passed","title":"should handle case where invoice is not found"}],"endTime":1786513936488,"message":"","name":"C:\\Users\\91773\\enterprise-app\\api\\src\\payments\\payments.service.spec.ts","startTime":1786513936198,"status":"passed","summary":""},{"assertionResults":[{"ancestorTitles":["AuditLogsService"],"duration":7,"failing":false,"failureDetails":[],"failureMessages":[],"fullName":"AuditLogsService stores platform audit logs with a default organizationId","invocations":1,"location":null,"numPassingAsserts":1,"retryReasons":[],"startAt":1786513936708,"status":"passed","title":"stores platform audit logs with a default organizationId"},{"ancestorTitles":["AuditLogsService"],"duration":5,"failing":false,"failureDetails":[],"failureMessages":[],"fullName":"AuditLogsService prefers request audit context organizationId over the user payload","invocations":1,"location":null,"numPassingAsserts":2,"retryReasons":[],"startAt":1786513936716,"status":"passed","title":"prefers request audit context organizationId over the user payload"},{"ancestorTitles":["AuditLogsService"],"duration":28,"failing":false,"failureDetails":[],"failureMessages":[],"fullName":"AuditLogsService keeps tenant-scoped audit log queries filtered by organizationId","invocations":1,"location":null,"numPassingAsserts":2,"retryReasons":[],"startAt":1786513936722,"status":"passed","title":"keeps tenant-scoped audit log queries filtered by organizationId"},{"ancestorTitles":["AuditLogsService"],"duration":5,"failing":false,"failureDetails":[],"failureMessages":[],"fullName":"AuditLogsService allows super admins to query audit logs without an organization filter","invocations":1,"location":null,"numPassingAsserts":2,"retryReasons":[],"startAt":1786513936750,"status":"passed","title":"allows super admins to query audit logs without an organization filter"},{"ancestorTitles":["AuditLogsService"],"duration":23,"failing":false,"failureDetails":[],"failureMessages":[],"fullName":"AuditLogsService rejects null-organization readers who are not super admins","invocations":1,"location":null,"numPassingAsserts":1,"retryReasons":[],"startAt":1786513936755,"status":"passed","title":"rejects null-organization readers who are not super admins"},{"ancestorTitles":["AuditLogsService"],"duration":5,"failing":false,"failureDetails":[],"failureMessages":[],"fullName":"AuditLogsService keeps findOne tenant-scoped for non-platform readers","invocations":1,"location":null,"numPassingAsserts":1,"retryReasons":[],"startAt":1786513936778,"status":"passed","title":"keeps findOne tenant-scoped for non-platform readers"},{"ancestorTitles":["AuditLogsService"],"duration":3,"failing":false,"failureDetails":[],"failureMessages":[],"fullName":"AuditLogsService keeps entity lookups tenant-scoped for non-platform readers","invocations":1,"location":null,"numPassingAsserts":1,"retryReasons":[],"startAt":1786513936784,"status":"passed","title":"keeps entity lookups tenant-scoped for non-platform readers"}],"endTime":1786513936789,"message":"","name":"C:\\Users\\91773\\enterprise-app\\api\\src\\audit-logs\\audit-logs.service.spec.ts","startTime":1786513936495,"status":"passed","summary":""},{"assertionResults":[{"ancestorTitles":["NotificationsService"],"duration":4,"failing":false,"failureDetails":[],"failureMessages":[],"fullName":"NotificationsService resolves organizationId from the user when none is provided","invocations":1,"location":null,"numPassingAsserts":3,"retryReasons":[],"startAt":1786513937118,"status":"passed","title":"resolves organizationId from the user when none is provided"}],"endTime":1786513937123,"message":"","name":"C:\\Users\\91773\\enterprise-app\\api\\src\\notifications\\notifications.service.spec.ts","startTime":1786513936795,"status":"passed","summary":""},{"assertionResults":[{"ancestorTitles":["AppController","root"],"duration":5,"failing":false,"failureDetails":[],"failureMessages":[],"fullName":"AppController root should return \"Hello World!\"","invocations":1,"location":null,"numPassingAsserts":1,"retryReasons":[],"startAt":1786513937449,"status":"passed","title":"should return \"Hello World!\""},{"ancestorTitles":["AppController","health"],"duration":3,"failing":false,"failureDetails":[],"failureMessages":[],"fullName":"AppController health should return health status","invocations":1,"location":null,"numPassingAsserts":2,"retryReasons":[],"startAt":1786513937455,"status":"passed","title":"should return health status"}],"endTime":1786513937459,"message":"","name":"C:\\Users\\91773\\enterprise-app\\api\\src\\app.controller.spec.ts","startTime":1786513937129,"status":"passed","summary":""},{"assertionResults":[{"ancestorTitles":["EmailService"],"duration":23,"failing":false,"failureDetails":[],"failureMessages":[],"fullName":"EmailService renders a welcome template and sends it through the mail transport","invocations":1,"location":null,"numPassingAsserts":2,"retryReasons":[],"startAt":1786513937740,"status":"passed","title":"renders a welcome template and sends it through the mail transport"}],"endTime":1786513937764,"message":"","name":"C:\\Users\\91773\\enterprise-app\\api\\src\\email\\email.service.spec.ts","startTime":1786513937465,"status":"passed","summary":""},{"assertionResults":[{"ancestorTitles":["PayrollService"],"duration":21,"failing":false,"failureDetails":[],"failureMessages":[],"fullName":"PayrollService should throw ConflictException when a payroll cycle already exists for the same month and year","invocations":1,"location":null,"numPassingAsserts":2,"retryReasons":[],"startAt":1786513938139,"status":"passed","title":"should throw ConflictException when a payroll cycle already exists for the same month and year"}],"endTime":1786513938161,"message":"","name":"C:\\Users\\91773\\enterprise-app\\api\\src\\payroll\\payroll.service.spec.ts","startTime":1786513937773,"status":"passed","summary":""},{"assertionResults":[{"ancestorTitles":["AttendanceService"],"duration":4,"failing":false,"failureDetails":[],"failureMessages":[],"fullName":"AttendanceService allows an employee to check in once per day","invocations":1,"location":null,"numPassingAsserts":2,"retryReasons":[],"startAt":1786513938482,"status":"passed","title":"allows an employee to check in once per day"},{"ancestorTitles":["AttendanceService"],"duration":1,"failing":false,"failureDetails":[],"failureMessages":[],"fullName":"AttendanceService rejects duplicate check-in attempts on the same day","invocations":1,"location":null,"numPassingAsserts":2,"retryReasons":[],"startAt":1786513938487,"status":"passed","title":"rejects duplicate check-in attempts on the same day"},{"ancestorTitles":["AttendanceService"],"duration":1,"failing":false,"failureDetails":[],"failureMessages":[],"fullName":"AttendanceService updates working hours and status on check-out","invocations":1,"location":null,"numPassingAsserts":2,"retryReasons":[],"startAt":1786513938489,"status":"passed","title":"updates working hours and status on check-out"},{"ancestorTitles":["AttendanceService"],"duration":3,"failing":false,"failureDetails":[],"failureMessages":[],"fullName":"AttendanceService builds the daily attendance table with absent and leave statuses","invocations":1,"location":null,"numPassingAsserts":2,"retryReasons":[],"startAt":1786513938490,"status":"passed","title":"builds the daily attendance table with absent and leave statuses"},{"ancestorTitles":["AttendanceService"],"duration":1,"failing":false,"failureDetails":[],"failureMessages":[],"fullName":"AttendanceService allows a super admin to view attendance without forcing a single organization scope","invocations":1,"location":null,"numPassingAsserts":1,"retryReasons":[],"startAt":1786513938494,"status":"passed","title":"allows a super admin to view attendance without forcing a single organization scope"},{"ancestorTitles":["AttendanceService"],"duration":2,"failing":false,"failureDetails":[],"failureMessages":[],"fullName":"AttendanceService blocks employees from requesting another employee's monthly report","invocations":1,"location":null,"numPassingAsserts":1,"retryReasons":[],"startAt":1786513938496,"status":"passed","title":"blocks employees from requesting another employee's monthly report"},{"ancestorTitles":["AttendanceService"],"duration":4,"failing":false,"failureDetails":[],"failureMessages":[],"fullName":"AttendanceService returns monthly employee attendance data for calendar rendering","invocations":1,"location":null,"numPassingAsserts":5,"retryReasons":[],"startAt":1786513938499,"status":"passed","title":"returns monthly employee attendance data for calendar rendering"}],"endTime":1786513938505,"message":"","name":"C:\\Users\\91773\\enterprise-app\\api\\src\\attendance\\attendance.service.spec.ts","startTime":1786513938170,"status":"passed","summary":""},{"assertionResults":[{"ancestorTitles":["EmailProviderFactory"],"duration":3,"failing":false,"failureDetails":[],"failureMessages":[],"fullName":"EmailProviderFactory returns configured sender emails for nodemailer","invocations":1,"location":null,"numPassingAsserts":1,"retryReasons":[],"startAt":1786513938753,"status":"passed","title":"returns configured sender emails for nodemailer"}],"endTime":1786513938757,"message":"","name":"C:\\Users\\91773\\enterprise-app\\api\\src\\mail\\providers\\provider.factory.spec.ts","startTime":1786513938523,"status":"passed","summary":""},{"assertionResults":[{"ancestorTitles":["EmployeesService"],"duration":5,"failing":false,"failureDetails":[],"failureMessages":[],"fullName":"EmployeesService should be defined","invocations":1,"location":null,"numPassingAsserts":1,"retryReasons":[],"startAt":1786513938966,"status":"passed","title":"should be defined"}],"endTime":1786513938972,"message":"","name":"C:\\Users\\91773\\enterprise-app\\api\\src\\employees\\employees.service.spec.ts","startTime":1786513938777,"status":"passed","summary":""},{"assertionResults":[{"ancestorTitles":["renderInvoiceLetter"],"duration":1,"failing":false,"failureDetails":[],"failureMessages":[],"fullName":"renderInvoiceLetter replaces invoice placeholders with the invoice context values","invocations":1,"location":null,"numPassingAsserts":5,"retryReasons":[],"startAt":1786513939048,"status":"passed","title":"replaces invoice placeholders with the invoice context values"}],"endTime":1786513939051,"message":"","name":"C:\\Users\\91773\\enterprise-app\\api\\src\\invoices\\invoice-email.utils.spec.ts","startTime":1786513939003,"status":"passed","summary":""}],"wasInterrupted":false}
