{"numFailedTestSuites":0,"numFailedTests":0,"numPassedTestSuites":38,"numPassedTests":436,"numPendingTestSuites":0,"numPendingTests":0,"numRuntimeErrorTestSuites":0,"numTodoTests":0,"numTotalTestSuites":38,"numTotalTests":436,"openHandles":[],"snapshot":{"added":0,"didUpdate":false,"failure":false,"filesAdded":0,"filesRemoved":0,"filesRemovedList":[],"filesUnmatched":0,"filesUpdated":0,"matched":0,"total":0,"unchecked":0,"uncheckedKeysByFile":[],"unmatched":0,"updated":0},"startTime":1787051288443,"success":true,"testResults":[{"assertionResults":[{"ancestorTitles":["LeaveRequestsService"],"duration":54,"failing":false,"failureDetails":[],"failureMessages":[],"fullName":"LeaveRequestsService should be defined","invocations":1,"location":null,"numPassingAsserts":1,"retryReasons":[],"startAt":1787051294868,"status":"passed","title":"should be defined"},{"ancestorTitles":["LeaveRequestsService","create"],"duration":64,"failing":false,"failureDetails":[],"failureMessages":[],"fullName":"LeaveRequestsService create should throw ForbiddenException if user has no organizationId","invocations":1,"location":null,"numPassingAsserts":1,"retryReasons":[],"startAt":1787051294924,"status":"passed","title":"should throw ForbiddenException if user has no organizationId"},{"ancestorTitles":["LeaveRequestsService","create"],"duration":16,"failing":false,"failureDetails":[],"failureMessages":[],"fullName":"LeaveRequestsService create should throw ForbiddenException if employee tries to create request for someone else","invocations":1,"location":null,"numPassingAsserts":1,"retryReasons":[],"startAt":1787051294990,"status":"passed","title":"should throw ForbiddenException if employee tries to create request for someone else"},{"ancestorTitles":["LeaveRequestsService","create"],"duration":14,"failing":false,"failureDetails":[],"failureMessages":[],"fullName":"LeaveRequestsService create should throw NotFoundException if employee not found","invocations":1,"location":null,"numPassingAsserts":1,"retryReasons":[],"startAt":1787051295007,"status":"passed","title":"should throw NotFoundException if employee not found"},{"ancestorTitles":["LeaveRequestsService","create"],"duration":53,"failing":false,"failureDetails":[],"failureMessages":[],"fullName":"LeaveRequestsService create should create leave request successfully for admin","invocations":1,"location":null,"numPassingAsserts":3,"retryReasons":[],"startAt":1787051295022,"status":"passed","title":"should create leave request successfully for admin"},{"ancestorTitles":["LeaveRequestsService","findAll"],"duration":15,"failing":false,"failureDetails":[],"failureMessages":[],"fullName":"LeaveRequestsService findAll should throw ForbiddenException if user has no organizationId","invocations":1,"location":null,"numPassingAsserts":1,"retryReasons":[],"startAt":1787051295076,"status":"passed","title":"should throw ForbiddenException if user has no organizationId"},{"ancestorTitles":["LeaveRequestsService","findAll"],"duration":13,"failing":false,"failureDetails":[],"failureMessages":[],"fullName":"LeaveRequestsService findAll should return all leave requests for admin","invocations":1,"location":null,"numPassingAsserts":1,"retryReasons":[],"startAt":1787051295092,"status":"passed","title":"should return all leave requests for admin"},{"ancestorTitles":["LeaveRequestsService","findOne"],"duration":14,"failing":false,"failureDetails":[],"failureMessages":[],"fullName":"LeaveRequestsService findOne should throw NotFoundException if leave request not found","invocations":1,"location":null,"numPassingAsserts":1,"retryReasons":[],"startAt":1787051295106,"status":"passed","title":"should throw NotFoundException if leave request not found"},{"ancestorTitles":["LeaveRequestsService","findOne"],"duration":13,"failing":false,"failureDetails":[],"failureMessages":[],"fullName":"LeaveRequestsService findOne should return leave request if found","invocations":1,"location":null,"numPassingAsserts":1,"retryReasons":[],"startAt":1787051295120,"status":"passed","title":"should return leave request if found"},{"ancestorTitles":["LeaveRequestsService","update"],"duration":13,"failing":false,"failureDetails":[],"failureMessages":[],"fullName":"LeaveRequestsService update should throw ForbiddenException if user has no organizationId","invocations":1,"location":null,"numPassingAsserts":1,"retryReasons":[],"startAt":1787051295135,"status":"passed","title":"should throw ForbiddenException if user has no organizationId"},{"ancestorTitles":["LeaveRequestsService","update"],"duration":15,"failing":false,"failureDetails":[],"failureMessages":[],"fullName":"LeaveRequestsService update should throw NotFoundException if leave request not found","invocations":1,"location":null,"numPassingAsserts":1,"retryReasons":[],"startAt":1787051295149,"status":"passed","title":"should throw NotFoundException if leave request not found"},{"ancestorTitles":["LeaveRequestsService","update"],"duration":13,"failing":false,"failureDetails":[],"failureMessages":[],"fullName":"LeaveRequestsService update should throw ForbiddenException if employee tries to update finalized request","invocations":1,"location":null,"numPassingAsserts":1,"retryReasons":[],"startAt":1787051295166,"status":"passed","title":"should throw ForbiddenException if employee tries to update finalized request"},{"ancestorTitles":["LeaveRequestsService","update"],"duration":15,"failing":false,"failureDetails":[],"failureMessages":[],"fullName":"LeaveRequestsService update should update leave request successfully","invocations":1,"location":null,"numPassingAsserts":1,"retryReasons":[],"startAt":1787051295180,"status":"passed","title":"should update leave request successfully"},{"ancestorTitles":["LeaveRequestsService","remove"],"duration":15,"failing":false,"failureDetails":[],"failureMessages":[],"fullName":"LeaveRequestsService remove should throw NotFoundException if leave request not found","invocations":1,"location":null,"numPassingAsserts":1,"retryReasons":[],"startAt":1787051295196,"status":"passed","title":"should throw NotFoundException if leave request not found"},{"ancestorTitles":["LeaveRequestsService","remove"],"duration":12,"failing":false,"failureDetails":[],"failureMessages":[],"fullName":"LeaveRequestsService remove should soft delete leave request for admin","invocations":1,"location":null,"numPassingAsserts":1,"retryReasons":[],"startAt":1787051295212,"status":"passed","title":"should soft delete leave request for admin"},{"ancestorTitles":["LeaveRequestsService","importRecords"],"duration":12,"failing":false,"failureDetails":[],"failureMessages":[],"fullName":"LeaveRequestsService importRecords should import valid records and skip invalid ones","invocations":1,"location":null,"numPassingAsserts":2,"retryReasons":[],"startAt":1787051295226,"status":"passed","title":"should import valid records and skip invalid ones"},{"ancestorTitles":["LeaveRequestsService","managerApprove"],"duration":17,"failing":false,"failureDetails":[],"failureMessages":[],"fullName":"LeaveRequestsService managerApprove should throw NotFoundException if leave request not found","invocations":1,"location":null,"numPassingAsserts":1,"retryReasons":[],"startAt":1787051295239,"status":"passed","title":"should throw NotFoundException if leave request not found"},{"ancestorTitles":["LeaveRequestsService","managerApprove"],"duration":12,"failing":false,"failureDetails":[],"failureMessages":[],"fullName":"LeaveRequestsService managerApprove should throw ForbiddenException if request not pending manager","invocations":1,"location":null,"numPassingAsserts":1,"retryReasons":[],"startAt":1787051295259,"status":"passed","title":"should throw ForbiddenException if request not pending manager"},{"ancestorTitles":["LeaveRequestsService","managerApprove"],"duration":12,"failing":false,"failureDetails":[],"failureMessages":[],"fullName":"LeaveRequestsService managerApprove should approve request successfully for manager","invocations":1,"location":null,"numPassingAsserts":2,"retryReasons":[],"startAt":1787051295271,"status":"passed","title":"should approve request successfully for manager"},{"ancestorTitles":["LeaveRequestsService","hrApprove"],"duration":72,"failing":false,"failureDetails":[],"failureMessages":[],"fullName":"LeaveRequestsService hrApprove should throw NotFoundException if leave request not found","invocations":1,"location":null,"numPassingAsserts":1,"retryReasons":[],"startAt":1787051295284,"status":"passed","title":"should throw NotFoundException if leave request not found"},{"ancestorTitles":["LeaveRequestsService","hrApprove"],"duration":34,"failing":false,"failureDetails":[],"failureMessages":[],"fullName":"LeaveRequestsService hrApprove should throw ForbiddenException if request not pending HR","invocations":1,"location":null,"numPassingAsserts":1,"retryReasons":[],"startAt":1787051295357,"status":"passed","title":"should throw ForbiddenException if request not pending HR"},{"ancestorTitles":["LeaveRequestsService","hrApprove"],"duration":15,"failing":false,"failureDetails":[],"failureMessages":[],"fullName":"LeaveRequestsService hrApprove should prevent HR from approving their own leave request","invocations":1,"location":null,"numPassingAsserts":1,"retryReasons":[],"startAt":1787051295391,"status":"passed","title":"should prevent HR from approving their own leave request"},{"ancestorTitles":["LeaveRequestsService","hrApprove"],"duration":14,"failing":false,"failureDetails":[],"failureMessages":[],"fullName":"LeaveRequestsService hrApprove should approve request successfully for HR","invocations":1,"location":null,"numPassingAsserts":2,"retryReasons":[],"startAt":1787051295406,"status":"passed","title":"should approve request successfully for HR"},{"ancestorTitles":["LeaveRequestsService","reject"],"duration":12,"failing":false,"failureDetails":[],"failureMessages":[],"fullName":"LeaveRequestsService reject should throw NotFoundException if leave request not found","invocations":1,"location":null,"numPassingAsserts":1,"retryReasons":[],"startAt":1787051295421,"status":"passed","title":"should throw NotFoundException if leave request not found"},{"ancestorTitles":["LeaveRequestsService","reject"],"duration":11,"failing":false,"failureDetails":[],"failureMessages":[],"fullName":"LeaveRequestsService reject should reject request successfully","invocations":1,"location":null,"numPassingAsserts":2,"retryReasons":[],"startAt":1787051295434,"status":"passed","title":"should reject request successfully"}],"endTime":1787051295450,"message":"","name":"C:\\Users\\91773\\enterprise-app\\api\\src\\leave-requests\\leave-requests.service.spec.ts","startTime":1787051289110,"status":"passed","summary":""},{"assertionResults":[{"ancestorTitles":["EmployeesController"],"duration":13,"failing":false,"failureDetails":[],"failureMessages":[],"fullName":"EmployeesController should be defined","invocations":1,"location":null,"numPassingAsserts":1,"retryReasons":[],"startAt":1787051297334,"status":"passed","title":"should be defined"}],"endTime":1787051297350,"message":"","name":"C:\\Users\\91773\\enterprise-app\\api\\src\\employees\\employees.controller.spec.ts","startTime":1787051295502,"status":"passed","summary":""},{"assertionResults":[{"ancestorTitles":["TasksService"],"duration":15,"failing":false,"failureDetails":[],"failureMessages":[],"fullName":"TasksService should be defined","invocations":1,"location":null,"numPassingAsserts":1,"retryReasons":[],"startAt":1787051298158,"status":"passed","title":"should be defined"},{"ancestorTitles":["TasksService","create"],"duration":51,"failing":false,"failureDetails":[],"failureMessages":[],"fullName":"TasksService create should throw ForbiddenException if user is EMPLOYEE","invocations":1,"location":null,"numPassingAsserts":1,"retryReasons":[],"startAt":1787051298174,"status":"passed","title":"should throw ForbiddenException if user is EMPLOYEE"},{"ancestorTitles":["TasksService","create"],"duration":12,"failing":false,"failureDetails":[],"failureMessages":[],"fullName":"TasksService create should throw ForbiddenException if user has no organizationId","invocations":1,"location":null,"numPassingAsserts":1,"retryReasons":[],"startAt":1787051298226,"status":"passed","title":"should throw ForbiddenException if user has no organizationId"},{"ancestorTitles":["TasksService","create"],"duration":12,"failing":false,"failureDetails":[],"failureMessages":[],"fullName":"TasksService create should throw ForbiddenException if no taskName/title provided","invocations":1,"location":null,"numPassingAsserts":1,"retryReasons":[],"startAt":1787051298239,"status":"passed","title":"should throw ForbiddenException if no taskName/title provided"},{"ancestorTitles":["TasksService","create"],"duration":11,"failing":false,"failureDetails":[],"failureMessages":[],"fullName":"TasksService create should throw ForbiddenException if no projectId provided","invocations":1,"location":null,"numPassingAsserts":1,"retryReasons":[],"startAt":1787051298252,"status":"passed","title":"should throw ForbiddenException if no projectId provided"},{"ancestorTitles":["TasksService","create"],"duration":13,"failing":false,"failureDetails":[],"failureMessages":[],"fullName":"TasksService create should throw NotFoundException if project not found","invocations":1,"location":null,"numPassingAsserts":1,"retryReasons":[],"startAt":1787051298264,"status":"passed","title":"should throw NotFoundException if project not found"},{"ancestorTitles":["TasksService","create"],"duration":10,"failing":false,"failureDetails":[],"failureMessages":[],"fullName":"TasksService create should throw ForbiddenException if manager tries to create task in non-assigned project","invocations":1,"location":null,"numPassingAsserts":1,"retryReasons":[],"startAt":1787051298278,"status":"passed","title":"should throw ForbiddenException if manager tries to create task in non-assigned project"},{"ancestorTitles":["TasksService","create"],"duration":16,"failing":false,"failureDetails":[],"failureMessages":[],"fullName":"TasksService create should throw NotFoundException if assigned user not found","invocations":1,"location":null,"numPassingAsserts":1,"retryReasons":[],"startAt":1787051298289,"status":"passed","title":"should throw NotFoundException if assigned user not found"},{"ancestorTitles":["TasksService","create"],"duration":11,"failing":false,"failureDetails":[],"failureMessages":[],"fullName":"TasksService create should throw ForbiddenException if manager tries to assign to non-employee","invocations":1,"location":null,"numPassingAsserts":1,"retryReasons":[],"startAt":1787051298306,"status":"passed","title":"should throw ForbiddenException if manager tries to assign to non-employee"},{"ancestorTitles":["TasksService","create"],"duration":9,"failing":false,"failureDetails":[],"failureMessages":[],"fullName":"TasksService create should create task successfully for admin","invocations":1,"location":null,"numPassingAsserts":2,"retryReasons":[],"startAt":1787051298318,"status":"passed","title":"should create task successfully for admin"},{"ancestorTitles":["TasksService","findAll"],"duration":12,"failing":false,"failureDetails":[],"failureMessages":[],"fullName":"TasksService findAll should return all tasks for admin","invocations":1,"location":null,"numPassingAsserts":1,"retryReasons":[],"startAt":1787051298328,"status":"passed","title":"should return all tasks for admin"},{"ancestorTitles":["TasksService","findAll"],"duration":10,"failing":false,"failureDetails":[],"failureMessages":[],"fullName":"TasksService findAll should return filtered tasks for employee","invocations":1,"location":null,"numPassingAsserts":1,"retryReasons":[],"startAt":1787051298341,"status":"passed","title":"should return filtered tasks for employee"},{"ancestorTitles":["TasksService","findOne"],"duration":60,"failing":false,"failureDetails":[],"failureMessages":[],"fullName":"TasksService findOne should throw NotFoundException if task not found","invocations":1,"location":null,"numPassingAsserts":1,"retryReasons":[],"startAt":1787051298352,"status":"passed","title":"should throw NotFoundException if task not found"},{"ancestorTitles":["TasksService","findOne"],"duration":15,"failing":false,"failureDetails":[],"failureMessages":[],"fullName":"TasksService findOne should return task if found","invocations":1,"location":null,"numPassingAsserts":1,"retryReasons":[],"startAt":1787051298413,"status":"passed","title":"should return task if found"},{"ancestorTitles":["TasksService","update"],"duration":11,"failing":false,"failureDetails":[],"failureMessages":[],"fullName":"TasksService update should throw ForbiddenException if user cannot manage task","invocations":1,"location":null,"numPassingAsserts":1,"retryReasons":[],"startAt":1787051298428,"status":"passed","title":"should throw ForbiddenException if user cannot manage task"},{"ancestorTitles":["TasksService","update"],"duration":16,"failing":false,"failureDetails":[],"failureMessages":[],"fullName":"TasksService update should throw NotFoundException if task not found","invocations":1,"location":null,"numPassingAsserts":1,"retryReasons":[],"startAt":1787051298439,"status":"passed","title":"should throw NotFoundException if task not found"},{"ancestorTitles":["TasksService","update"],"duration":10,"failing":false,"failureDetails":[],"failureMessages":[],"fullName":"TasksService update should update task successfully","invocations":1,"location":null,"numPassingAsserts":1,"retryReasons":[],"startAt":1787051298456,"status":"passed","title":"should update task successfully"},{"ancestorTitles":["TasksService","remove"],"duration":10,"failing":false,"failureDetails":[],"failureMessages":[],"fullName":"TasksService remove should throw ForbiddenException if manager cannot manage task","invocations":1,"location":null,"numPassingAsserts":1,"retryReasons":[],"startAt":1787051298467,"status":"passed","title":"should throw ForbiddenException if manager cannot manage task"},{"ancestorTitles":["TasksService","remove"],"duration":10,"failing":false,"failureDetails":[],"failureMessages":[],"fullName":"TasksService remove should soft delete task for admin","invocations":1,"location":null,"numPassingAsserts":1,"retryReasons":[],"startAt":1787051298477,"status":"passed","title":"should soft delete task for admin"},{"ancestorTitles":["TasksService","importRecords"],"duration":8,"failing":false,"failureDetails":[],"failureMessages":[],"fullName":"TasksService importRecords should import valid records and skip invalid ones","invocations":1,"location":null,"numPassingAsserts":2,"retryReasons":[],"startAt":1787051298488,"status":"passed","title":"should import valid records and skip invalid ones"},{"ancestorTitles":["TasksService","getByPriority"],"duration":44,"failing":false,"failureDetails":[],"failureMessages":[],"fullName":"TasksService getByPriority should throw ForbiddenException if user is EMPLOYEE","invocations":1,"location":null,"numPassingAsserts":1,"retryReasons":[],"startAt":1787051298497,"status":"passed","title":"should throw ForbiddenException if user is EMPLOYEE"},{"ancestorTitles":["TasksService","getByPriority"],"duration":9,"failing":false,"failureDetails":[],"failureMessages":[],"fullName":"TasksService getByPriority should return tasks grouped by priority","invocations":1,"location":null,"numPassingAsserts":2,"retryReasons":[],"startAt":1787051298542,"status":"passed","title":"should return tasks grouped by priority"},{"ancestorTitles":["TasksService","getUpcoming"],"duration":17,"failing":false,"failureDetails":[],"failureMessages":[],"fullName":"TasksService getUpcoming should return upcoming tasks","invocations":1,"location":null,"numPassingAsserts":1,"retryReasons":[],"startAt":1787051298552,"status":"passed","title":"should return upcoming tasks"},{"ancestorTitles":["TasksService","getByLead"],"duration":13,"failing":false,"failureDetails":[],"failureMessages":[],"fullName":"TasksService getByLead should return tasks for lead","invocations":1,"location":null,"numPassingAsserts":1,"retryReasons":[],"startAt":1787051298571,"status":"passed","title":"should return tasks for lead"},{"ancestorTitles":["TasksService","getByDeal"],"duration":11,"failing":false,"failureDetails":[],"failureMessages":[],"fullName":"TasksService getByDeal should return tasks for deal","invocations":1,"location":null,"numPassingAsserts":1,"retryReasons":[],"startAt":1787051298585,"status":"passed","title":"should return tasks for deal"},{"ancestorTitles":["TasksService","updateStatus"],"duration":10,"failing":false,"failureDetails":[],"failureMessages":[],"fullName":"TasksService updateStatus should throw NotFoundException if task not found","invocations":1,"location":null,"numPassingAsserts":1,"retryReasons":[],"startAt":1787051298597,"status":"passed","title":"should throw NotFoundException if task not found"},{"ancestorTitles":["TasksService","updateStatus"],"duration":58,"failing":false,"failureDetails":[],"failureMessages":[],"fullName":"TasksService updateStatus should throw ForbiddenException if employee tries to update unassigned task","invocations":1,"location":null,"numPassingAsserts":1,"retryReasons":[],"startAt":1787051298607,"status":"passed","title":"should throw ForbiddenException if employee tries to update unassigned task"},{"ancestorTitles":["TasksService","updateStatus"],"duration":9,"failing":false,"failureDetails":[],"failureMessages":[],"fullName":"TasksService updateStatus should update status successfully for employee","invocations":1,"location":null,"numPassingAsserts":1,"retryReasons":[],"startAt":1787051298666,"status":"passed","title":"should update status successfully for employee"},{"ancestorTitles":["TasksService","submitWork"],"duration":9,"failing":false,"failureDetails":[],"failureMessages":[],"fullName":"TasksService submitWork should throw NotFoundException if task not found for employee","invocations":1,"location":null,"numPassingAsserts":1,"retryReasons":[],"startAt":1787051298676,"status":"passed","title":"should throw NotFoundException if task not found for employee"},{"ancestorTitles":["TasksService","submitWork"],"duration":10,"failing":false,"failureDetails":[],"failureMessages":[],"fullName":"TasksService submitWork should submit work successfully","invocations":1,"location":null,"numPassingAsserts":2,"retryReasons":[],"startAt":1787051298686,"status":"passed","title":"should submit work successfully"},{"ancestorTitles":["TasksService","reviewTask"],"duration":10,"failing":false,"failureDetails":[],"failureMessages":[],"fullName":"TasksService reviewTask should throw ForbiddenException if user cannot manage task","invocations":1,"location":null,"numPassingAsserts":1,"retryReasons":[],"startAt":1787051298697,"status":"passed","title":"should throw ForbiddenException if user cannot manage task"},{"ancestorTitles":["TasksService","reviewTask"],"duration":12,"failing":false,"failureDetails":[],"failureMessages":[],"fullName":"TasksService reviewTask should throw BadRequestException if task is already approved","invocations":1,"location":null,"numPassingAsserts":1,"retryReasons":[],"startAt":1787051298709,"status":"passed","title":"should throw BadRequestException if task is already approved"},{"ancestorTitles":["TasksService","reviewTask"],"duration":9,"failing":false,"failureDetails":[],"failureMessages":[],"fullName":"TasksService reviewTask should approve task successfully","invocations":1,"location":null,"numPassingAsserts":2,"retryReasons":[],"startAt":1787051298722,"status":"passed","title":"should approve task successfully"},{"ancestorTitles":["TasksService","reviewTask"],"duration":21,"failing":false,"failureDetails":[],"failureMessages":[],"fullName":"TasksService reviewTask should reject task successfully","invocations":1,"location":null,"numPassingAsserts":2,"retryReasons":[],"startAt":1787051298732,"status":"passed","title":"should reject task successfully"}],"endTime":1787051298756,"message":"","name":"C:\\Users\\91773\\enterprise-app\\api\\src\\tasks\\tasks.service.spec.ts","startTime":1787051297370,"status":"passed","summary":""},{"assertionResults":[{"ancestorTitles":["ProjectsService"],"duration":33,"failing":false,"failureDetails":[],"failureMessages":[],"fullName":"ProjectsService should be defined","invocations":1,"location":null,"numPassingAsserts":1,"retryReasons":[],"startAt":1787051299945,"status":"passed","title":"should be defined"},{"ancestorTitles":["ProjectsService"],"duration":29,"failing":false,"failureDetails":[],"failureMessages":[],"fullName":"ProjectsService preserves canonical project statuses instead of silently flattening them to ACTIVE","invocations":1,"location":null,"numPassingAsserts":4,"retryReasons":[],"startAt":1787051299981,"status":"passed","title":"preserves canonical project statuses instead of silently flattening them to ACTIVE"},{"ancestorTitles":["ProjectsService","create"],"duration":91,"failing":false,"failureDetails":[],"failureMessages":[],"fullName":"ProjectsService create should throw ForbiddenException if user has no organizationId","invocations":1,"location":null,"numPassingAsserts":1,"retryReasons":[],"startAt":1787051300015,"status":"passed","title":"should throw ForbiddenException if user has no organizationId"},{"ancestorTitles":["ProjectsService","create"],"duration":12,"failing":false,"failureDetails":[],"failureMessages":[],"fullName":"ProjectsService create should throw ForbiddenException if project name is missing","invocations":1,"location":null,"numPassingAsserts":1,"retryReasons":[],"startAt":1787051300107,"status":"passed","title":"should throw ForbiddenException if project name is missing"},{"ancestorTitles":["ProjectsService","create"],"duration":11,"failing":false,"failureDetails":[],"failureMessages":[],"fullName":"ProjectsService create should throw ForbiddenException if manager is required but not provided","invocations":1,"location":null,"numPassingAsserts":1,"retryReasons":[],"startAt":1787051300120,"status":"passed","title":"should throw ForbiddenException if manager is required but not provided"},{"ancestorTitles":["ProjectsService","create"],"duration":13,"failing":false,"failureDetails":[],"failureMessages":[],"fullName":"ProjectsService create should throw NotFoundException if manager not found","invocations":1,"location":null,"numPassingAsserts":1,"retryReasons":[],"startAt":1787051300132,"status":"passed","title":"should throw NotFoundException if manager not found"},{"ancestorTitles":["ProjectsService","create"],"duration":10,"failing":false,"failureDetails":[],"failureMessages":[],"fullName":"ProjectsService create should throw NotFoundException if manager is not a MANAGER role","invocations":1,"location":null,"numPassingAsserts":1,"retryReasons":[],"startAt":1787051300146,"status":"passed","title":"should throw NotFoundException if manager is not a MANAGER role"},{"ancestorTitles":["ProjectsService","create"],"duration":42,"failing":false,"failureDetails":[],"failureMessages":[],"fullName":"ProjectsService create should create project successfully for admin","invocations":1,"location":null,"numPassingAsserts":2,"retryReasons":[],"startAt":1787051300157,"status":"passed","title":"should create project successfully for admin"},{"ancestorTitles":["ProjectsService","create"],"duration":9,"failing":false,"failureDetails":[],"failureMessages":[],"fullName":"ProjectsService create should create project successfully for manager (auto-setting managerId)","invocations":1,"location":null,"numPassingAsserts":1,"retryReasons":[],"startAt":1787051300200,"status":"passed","title":"should create project successfully for manager (auto-setting managerId)"},{"ancestorTitles":["ProjectsService","assignManager"],"duration":11,"failing":false,"failureDetails":[],"failureMessages":[],"fullName":"ProjectsService assignManager should throw ForbiddenException if user has no organizationId","invocations":1,"location":null,"numPassingAsserts":1,"retryReasons":[],"startAt":1787051300210,"status":"passed","title":"should throw ForbiddenException if user has no organizationId"},{"ancestorTitles":["ProjectsService","assignManager"],"duration":28,"failing":false,"failureDetails":[],"failureMessages":[],"fullName":"ProjectsService assignManager should throw NotFoundException if project not found","invocations":1,"location":null,"numPassingAsserts":1,"retryReasons":[],"startAt":1787051300222,"status":"passed","title":"should throw NotFoundException if project not found"},{"ancestorTitles":["ProjectsService","assignManager"],"duration":10,"failing":false,"failureDetails":[],"failureMessages":[],"fullName":"ProjectsService assignManager should throw NotFoundException if new manager not found","invocations":1,"location":null,"numPassingAsserts":1,"retryReasons":[],"startAt":1787051300251,"status":"passed","title":"should throw NotFoundException if new manager not found"},{"ancestorTitles":["ProjectsService","assignManager"],"duration":10,"failing":false,"failureDetails":[],"failureMessages":[],"fullName":"ProjectsService assignManager should assign manager successfully","invocations":1,"location":null,"numPassingAsserts":1,"retryReasons":[],"startAt":1787051300262,"status":"passed","title":"should assign manager successfully"},{"ancestorTitles":["ProjectsService","findAll"],"duration":16,"failing":false,"failureDetails":[],"failureMessages":[],"fullName":"ProjectsService findAll should return all projects for admin","invocations":1,"location":null,"numPassingAsserts":1,"retryReasons":[],"startAt":1787051300273,"status":"passed","title":"should return all projects for admin"},{"ancestorTitles":["ProjectsService","findOne"],"duration":11,"failing":false,"failureDetails":[],"failureMessages":[],"fullName":"ProjectsService findOne should throw ForbiddenException if user has no organizationId","invocations":1,"location":null,"numPassingAsserts":1,"retryReasons":[],"startAt":1787051300290,"status":"passed","title":"should throw ForbiddenException if user has no organizationId"},{"ancestorTitles":["ProjectsService","findOne"],"duration":11,"failing":false,"failureDetails":[],"failureMessages":[],"fullName":"ProjectsService findOne should throw ForbiddenException if user has no access to project","invocations":1,"location":null,"numPassingAsserts":1,"retryReasons":[],"startAt":1787051300302,"status":"passed","title":"should throw ForbiddenException if user has no access to project"},{"ancestorTitles":["ProjectsService","findOne"],"duration":15,"failing":false,"failureDetails":[],"failureMessages":[],"fullName":"ProjectsService findOne should throw NotFoundException if project not found","invocations":1,"location":null,"numPassingAsserts":1,"retryReasons":[],"startAt":1787051300313,"status":"passed","title":"should throw NotFoundException if project not found"},{"ancestorTitles":["ProjectsService","findOne"],"duration":12,"failing":false,"failureDetails":[],"failureMessages":[],"fullName":"ProjectsService findOne should return project with tasks and team members if found","invocations":1,"location":null,"numPassingAsserts":1,"retryReasons":[],"startAt":1787051300329,"status":"passed","title":"should return project with tasks and team members if found"},{"ancestorTitles":["ProjectsService","addCoManager"],"duration":50,"failing":false,"failureDetails":[],"failureMessages":[],"fullName":"ProjectsService addCoManager should throw ForbiddenException if user has no organizationId","invocations":1,"location":null,"numPassingAsserts":1,"retryReasons":[],"startAt":1787051300342,"status":"passed","title":"should throw ForbiddenException if user has no organizationId"},{"ancestorTitles":["ProjectsService","addCoManager"],"duration":10,"failing":false,"failureDetails":[],"failureMessages":[],"fullName":"ProjectsService addCoManager should throw NotFoundException if project not found","invocations":1,"location":null,"numPassingAsserts":1,"retryReasons":[],"startAt":1787051300393,"status":"passed","title":"should throw NotFoundException if project not found"},{"ancestorTitles":["ProjectsService","addCoManager"],"duration":27,"failing":false,"failureDetails":[],"failureMessages":[],"fullName":"ProjectsService addCoManager should throw ForbiddenException if user is not admin or primary manager","invocations":1,"location":null,"numPassingAsserts":1,"retryReasons":[],"startAt":1787051300404,"status":"passed","title":"should throw ForbiddenException if user is not admin or primary manager"},{"ancestorTitles":["ProjectsService","addCoManager"],"duration":10,"failing":false,"failureDetails":[],"failureMessages":[],"fullName":"ProjectsService addCoManager should throw ForbiddenException if trying to add primary manager as co-manager","invocations":1,"location":null,"numPassingAsserts":1,"retryReasons":[],"startAt":1787051300431,"status":"passed","title":"should throw ForbiddenException if trying to add primary manager as co-manager"},{"ancestorTitles":["ProjectsService","addCoManager"],"duration":11,"failing":false,"failureDetails":[],"failureMessages":[],"fullName":"ProjectsService addCoManager should return project without changes if co-manager already assigned","invocations":1,"location":null,"numPassingAsserts":1,"retryReasons":[],"startAt":1787051300442,"status":"passed","title":"should return project without changes if co-manager already assigned"},{"ancestorTitles":["ProjectsService","addCoManager"],"duration":10,"failing":false,"failureDetails":[],"failureMessages":[],"fullName":"ProjectsService addCoManager should add co-manager successfully","invocations":1,"location":null,"numPassingAsserts":1,"retryReasons":[],"startAt":1787051300454,"status":"passed","title":"should add co-manager successfully"},{"ancestorTitles":["ProjectsService","removeCoManager"],"duration":10,"failing":false,"failureDetails":[],"failureMessages":[],"fullName":"ProjectsService removeCoManager should throw ForbiddenException if user has no organizationId","invocations":1,"location":null,"numPassingAsserts":1,"retryReasons":[],"startAt":1787051300465,"status":"passed","title":"should throw ForbiddenException if user has no organizationId"},{"ancestorTitles":["ProjectsService","removeCoManager"],"duration":19,"failing":false,"failureDetails":[],"failureMessages":[],"fullName":"ProjectsService removeCoManager should throw NotFoundException if project not found","invocations":1,"location":null,"numPassingAsserts":1,"retryReasons":[],"startAt":1787051300476,"status":"passed","title":"should throw NotFoundException if project not found"},{"ancestorTitles":["ProjectsService","removeCoManager"],"duration":12,"failing":false,"failureDetails":[],"failureMessages":[],"fullName":"ProjectsService removeCoManager should throw ForbiddenException if user is not admin or primary manager","invocations":1,"location":null,"numPassingAsserts":1,"retryReasons":[],"startAt":1787051300496,"status":"passed","title":"should throw ForbiddenException if user is not admin or primary manager"},{"ancestorTitles":["ProjectsService","removeCoManager"],"duration":10,"failing":false,"failureDetails":[],"failureMessages":[],"fullName":"ProjectsService removeCoManager should throw ForbiddenException if trying to remove primary manager","invocations":1,"location":null,"numPassingAsserts":1,"retryReasons":[],"startAt":1787051300509,"status":"passed","title":"should throw ForbiddenException if trying to remove primary manager"},{"ancestorTitles":["ProjectsService","removeCoManager"],"duration":11,"failing":false,"failureDetails":[],"failureMessages":[],"fullName":"ProjectsService removeCoManager should remove co-manager successfully","invocations":1,"location":null,"numPassingAsserts":1,"retryReasons":[],"startAt":1787051300520,"status":"passed","title":"should remove co-manager successfully"},{"ancestorTitles":["ProjectsService","assignEmployee"],"duration":9,"failing":false,"failureDetails":[],"failureMessages":[],"fullName":"ProjectsService assignEmployee should throw ForbiddenException if user has no organizationId","invocations":1,"location":null,"numPassingAsserts":1,"retryReasons":[],"startAt":1787051300532,"status":"passed","title":"should throw ForbiddenException if user has no organizationId"},{"ancestorTitles":["ProjectsService","assignEmployee"],"duration":10,"failing":false,"failureDetails":[],"failureMessages":[],"fullName":"ProjectsService assignEmployee should throw ForbiddenException if user cannot manage project","invocations":1,"location":null,"numPassingAsserts":1,"retryReasons":[],"startAt":1787051300542,"status":"passed","title":"should throw ForbiddenException if user cannot manage project"},{"ancestorTitles":["ProjectsService","assignEmployee"],"duration":11,"failing":false,"failureDetails":[],"failureMessages":[],"fullName":"ProjectsService assignEmployee should throw NotFoundException if project not found","invocations":1,"location":null,"numPassingAsserts":1,"retryReasons":[],"startAt":1787051300553,"status":"passed","title":"should throw NotFoundException if project not found"},{"ancestorTitles":["ProjectsService","assignEmployee"],"duration":48,"failing":false,"failureDetails":[],"failureMessages":[],"fullName":"ProjectsService assignEmployee should throw NotFoundException if employee not found","invocations":1,"location":null,"numPassingAsserts":1,"retryReasons":[],"startAt":1787051300565,"status":"passed","title":"should throw NotFoundException if employee not found"},{"ancestorTitles":["ProjectsService","assignEmployee"],"duration":14,"failing":false,"failureDetails":[],"failureMessages":[],"fullName":"ProjectsService assignEmployee should return project without changes if employee already assigned","invocations":1,"location":null,"numPassingAsserts":1,"retryReasons":[],"startAt":1787051300614,"status":"passed","title":"should return project without changes if employee already assigned"},{"ancestorTitles":["ProjectsService","assignEmployee"],"duration":11,"failing":false,"failureDetails":[],"failureMessages":[],"fullName":"ProjectsService assignEmployee should assign employee successfully","invocations":1,"location":null,"numPassingAsserts":1,"retryReasons":[],"startAt":1787051300629,"status":"passed","title":"should assign employee successfully"},{"ancestorTitles":["ProjectsService","removeEmployee"],"duration":10,"failing":false,"failureDetails":[],"failureMessages":[],"fullName":"ProjectsService removeEmployee should throw ForbiddenException if user has no organizationId","invocations":1,"location":null,"numPassingAsserts":1,"retryReasons":[],"startAt":1787051300642,"status":"passed","title":"should throw ForbiddenException if user has no organizationId"},{"ancestorTitles":["ProjectsService","removeEmployee"],"duration":10,"failing":false,"failureDetails":[],"failureMessages":[],"fullName":"ProjectsService removeEmployee should throw ForbiddenException if user cannot manage project","invocations":1,"location":null,"numPassingAsserts":1,"retryReasons":[],"startAt":1787051300653,"status":"passed","title":"should throw ForbiddenException if user cannot manage project"},{"ancestorTitles":["ProjectsService","removeEmployee"],"duration":10,"failing":false,"failureDetails":[],"failureMessages":[],"fullName":"ProjectsService removeEmployee should throw NotFoundException if employee not found","invocations":1,"location":null,"numPassingAsserts":1,"retryReasons":[],"startAt":1787051300663,"status":"passed","title":"should throw NotFoundException if employee not found"},{"ancestorTitles":["ProjectsService","removeEmployee"],"duration":10,"failing":false,"failureDetails":[],"failureMessages":[],"fullName":"ProjectsService removeEmployee should remove employee successfully","invocations":1,"location":null,"numPassingAsserts":1,"retryReasons":[],"startAt":1787051300674,"status":"passed","title":"should remove employee successfully"},{"ancestorTitles":["ProjectsService","update"],"duration":9,"failing":false,"failureDetails":[],"failureMessages":[],"fullName":"ProjectsService update should throw ForbiddenException if user has no organizationId","invocations":1,"location":null,"numPassingAsserts":1,"retryReasons":[],"startAt":1787051300685,"status":"passed","title":"should throw ForbiddenException if user has no organizationId"},{"ancestorTitles":["ProjectsService","update"],"duration":45,"failing":false,"failureDetails":[],"failureMessages":[],"fullName":"ProjectsService update should throw ForbiddenException if user cannot manage project","invocations":1,"location":null,"numPassingAsserts":1,"retryReasons":[],"startAt":1787051300695,"status":"passed","title":"should throw ForbiddenException if user cannot manage project"},{"ancestorTitles":["ProjectsService","update"],"duration":14,"failing":false,"failureDetails":[],"failureMessages":[],"fullName":"ProjectsService update should update project successfully","invocations":1,"location":null,"numPassingAsserts":1,"retryReasons":[],"startAt":1787051300741,"status":"passed","title":"should update project successfully"},{"ancestorTitles":["ProjectsService","update"],"duration":13,"failing":false,"failureDetails":[],"failureMessages":[],"fullName":"ProjectsService update should update managerId and manager name if managerId provided","invocations":1,"location":null,"numPassingAsserts":1,"retryReasons":[],"startAt":1787051300756,"status":"passed","title":"should update managerId and manager name if managerId provided"},{"ancestorTitles":["ProjectsService","updateStatus"],"duration":11,"failing":false,"failureDetails":[],"failureMessages":[],"fullName":"ProjectsService updateStatus should throw ForbiddenException if user has no organizationId","invocations":1,"location":null,"numPassingAsserts":1,"retryReasons":[],"startAt":1787051300770,"status":"passed","title":"should throw ForbiddenException if user has no organizationId"},{"ancestorTitles":["ProjectsService","updateStatus"],"duration":66,"failing":false,"failureDetails":[],"failureMessages":[],"fullName":"ProjectsService updateStatus should throw ForbiddenException if user cannot manage project","invocations":1,"location":null,"numPassingAsserts":1,"retryReasons":[],"startAt":1787051300782,"status":"passed","title":"should throw ForbiddenException if user cannot manage project"},{"ancestorTitles":["ProjectsService","updateStatus"],"duration":13,"failing":false,"failureDetails":[],"failureMessages":[],"fullName":"ProjectsService updateStatus should update status successfully (normalize status)","invocations":1,"location":null,"numPassingAsserts":1,"retryReasons":[],"startAt":1787051300849,"status":"passed","title":"should update status successfully (normalize status)"},{"ancestorTitles":["ProjectsService","remove"],"duration":11,"failing":false,"failureDetails":[],"failureMessages":[],"fullName":"ProjectsService remove should throw ForbiddenException if user has no organizationId","invocations":1,"location":null,"numPassingAsserts":1,"retryReasons":[],"startAt":1787051300863,"status":"passed","title":"should throw ForbiddenException if user has no organizationId"},{"ancestorTitles":["ProjectsService","remove"],"duration":9,"failing":false,"failureDetails":[],"failureMessages":[],"fullName":"ProjectsService remove should throw ForbiddenException if user cannot manage project","invocations":1,"location":null,"numPassingAsserts":1,"retryReasons":[],"startAt":1787051300876,"status":"passed","title":"should throw ForbiddenException if user cannot manage project"},{"ancestorTitles":["ProjectsService","remove"],"duration":11,"failing":false,"failureDetails":[],"failureMessages":[],"fullName":"ProjectsService remove should soft delete project successfully","invocations":1,"location":null,"numPassingAsserts":1,"retryReasons":[],"startAt":1787051300886,"status":"passed","title":"should soft delete project successfully"},{"ancestorTitles":["ProjectsService","importRecords"],"duration":10,"failing":false,"failureDetails":[],"failureMessages":[],"fullName":"ProjectsService importRecords should import valid records and skip invalid ones","invocations":1,"location":null,"numPassingAsserts":2,"retryReasons":[],"startAt":1787051300897,"status":"passed","title":"should import valid records and skip invalid ones"},{"ancestorTitles":["ProjectsService","getByStatus"],"duration":10,"failing":false,"failureDetails":[],"failureMessages":[],"fullName":"ProjectsService getByStatus should throw ForbiddenException if user is not admin or manager","invocations":1,"location":null,"numPassingAsserts":1,"retryReasons":[],"startAt":1787051300908,"status":"passed","title":"should throw ForbiddenException if user is not admin or manager"},{"ancestorTitles":["ProjectsService","getByStatus"],"duration":10,"failing":false,"failureDetails":[],"failureMessages":[],"fullName":"ProjectsService getByStatus should preserve real project status groupings without flattening legacy values","invocations":1,"location":null,"numPassingAsserts":3,"retryReasons":[],"startAt":1787051300920,"status":"passed","title":"should preserve real project status groupings without flattening legacy values"},{"ancestorTitles":["ProjectsService","getLinks"],"duration":12,"failing":false,"failureDetails":[],"failureMessages":[],"fullName":"ProjectsService getLinks should throw ForbiddenException if user has no organizationId","invocations":1,"location":null,"numPassingAsserts":1,"retryReasons":[],"startAt":1787051300931,"status":"passed","title":"should throw ForbiddenException if user has no organizationId"},{"ancestorTitles":["ProjectsService","getLinks"],"duration":11,"failing":false,"failureDetails":[],"failureMessages":[],"fullName":"ProjectsService getLinks should throw ForbiddenException if user has no access to project","invocations":1,"location":null,"numPassingAsserts":1,"retryReasons":[],"startAt":1787051300945,"status":"passed","title":"should throw ForbiddenException if user has no access to project"},{"ancestorTitles":["ProjectsService","getLinks"],"duration":11,"failing":false,"failureDetails":[],"failureMessages":[],"fullName":"ProjectsService getLinks should return project links","invocations":1,"location":null,"numPassingAsserts":1,"retryReasons":[],"startAt":1787051300958,"status":"passed","title":"should return project links"},{"ancestorTitles":["ProjectsService","createLink"],"duration":13,"failing":false,"failureDetails":[],"failureMessages":[],"fullName":"ProjectsService createLink should throw ForbiddenException if user has no organizationId","invocations":1,"location":null,"numPassingAsserts":1,"retryReasons":[],"startAt":1787051300970,"status":"passed","title":"should throw ForbiddenException if user has no organizationId"},{"ancestorTitles":["ProjectsService","createLink"],"duration":13,"failing":false,"failureDetails":[],"failureMessages":[],"fullName":"ProjectsService createLink should throw ForbiddenException if user cannot manage project","invocations":1,"location":null,"numPassingAsserts":1,"retryReasons":[],"startAt":1787051300984,"status":"passed","title":"should throw ForbiddenException if user cannot manage project"},{"ancestorTitles":["ProjectsService","createLink"],"duration":51,"failing":false,"failureDetails":[],"failureMessages":[],"fullName":"ProjectsService createLink should create project link successfully","invocations":1,"location":null,"numPassingAsserts":1,"retryReasons":[],"startAt":1787051300998,"status":"passed","title":"should create project link successfully"},{"ancestorTitles":["ProjectsService","removeLink"],"duration":15,"failing":false,"failureDetails":[],"failureMessages":[],"fullName":"ProjectsService removeLink should throw ForbiddenException if user has no organizationId","invocations":1,"location":null,"numPassingAsserts":1,"retryReasons":[],"startAt":1787051301050,"status":"passed","title":"should throw ForbiddenException if user has no organizationId"},{"ancestorTitles":["ProjectsService","removeLink"],"duration":12,"failing":false,"failureDetails":[],"failureMessages":[],"fullName":"ProjectsService removeLink should throw ForbiddenException if user cannot manage project","invocations":1,"location":null,"numPassingAsserts":1,"retryReasons":[],"startAt":1787051301066,"status":"passed","title":"should throw ForbiddenException if user cannot manage project"},{"ancestorTitles":["ProjectsService","removeLink"],"duration":11,"failing":false,"failureDetails":[],"failureMessages":[],"fullName":"ProjectsService removeLink should throw NotFoundException if link not found","invocations":1,"location":null,"numPassingAsserts":1,"retryReasons":[],"startAt":1787051301078,"status":"passed","title":"should throw NotFoundException if link not found"},{"ancestorTitles":["ProjectsService","removeLink"],"duration":11,"failing":false,"failureDetails":[],"failureMessages":[],"fullName":"ProjectsService removeLink should soft delete project link successfully","invocations":1,"location":null,"numPassingAsserts":1,"retryReasons":[],"startAt":1787051301091,"status":"passed","title":"should soft delete project link successfully"},{"ancestorTitles":["ProjectsService","getProgress"],"duration":12,"failing":false,"failureDetails":[],"failureMessages":[],"fullName":"ProjectsService getProgress should throw ForbiddenException if user has no organizationId","invocations":1,"location":null,"numPassingAsserts":1,"retryReasons":[],"startAt":1787051301103,"status":"passed","title":"should throw ForbiddenException if user has no organizationId"},{"ancestorTitles":["ProjectsService","getProgress"],"duration":12,"failing":false,"failureDetails":[],"failureMessages":[],"fullName":"ProjectsService getProgress should throw ForbiddenException if user cannot manage project","invocations":1,"location":null,"numPassingAsserts":1,"retryReasons":[],"startAt":1787051301116,"status":"passed","title":"should throw ForbiddenException if user cannot manage project"},{"ancestorTitles":["ProjectsService","getProgress"],"duration":9,"failing":false,"failureDetails":[],"failureMessages":[],"fullName":"ProjectsService getProgress should throw NotFoundException if project not found","invocations":1,"location":null,"numPassingAsserts":1,"retryReasons":[],"startAt":1787051301129,"status":"passed","title":"should throw NotFoundException if project not found"},{"ancestorTitles":["ProjectsService","getProgress"],"duration":10,"failing":false,"failureDetails":[],"failureMessages":[],"fullName":"ProjectsService getProgress should return progress data","invocations":1,"location":null,"numPassingAsserts":2,"retryReasons":[],"startAt":1787051301139,"status":"passed","title":"should return progress data"}],"endTime":1787051301153,"message":"","name":"C:\\Users\\91773\\enterprise-app\\api\\src\\projects\\projects.service.spec.ts","startTime":1787051298779,"status":"passed","summary":""},{"assertionResults":[{"ancestorTitles":["DealsService"],"duration":13,"failing":false,"failureDetails":[],"failureMessages":[],"fullName":"DealsService should be defined","invocations":1,"location":null,"numPassingAsserts":1,"retryReasons":[],"startAt":1787051301910,"status":"passed","title":"should be defined"},{"ancestorTitles":["DealsService","create"],"duration":64,"failing":false,"failureDetails":[],"failureMessages":[],"fullName":"DealsService create should throw ForbiddenException if user has no organizationId","invocations":1,"location":null,"numPassingAsserts":1,"retryReasons":[],"startAt":1787051301925,"status":"passed","title":"should throw ForbiddenException if user has no organizationId"},{"ancestorTitles":["DealsService","create"],"duration":10,"failing":false,"failureDetails":[],"failureMessages":[],"fullName":"DealsService create should create deal successfully for admin","invocations":1,"location":null,"numPassingAsserts":3,"retryReasons":[],"startAt":1787051301990,"status":"passed","title":"should create deal successfully for admin"},{"ancestorTitles":["DealsService","findAll"],"duration":15,"failing":false,"failureDetails":[],"failureMessages":[],"fullName":"DealsService findAll should throw ForbiddenException if user has no organizationId","invocations":1,"location":null,"numPassingAsserts":1,"retryReasons":[],"startAt":1787051302001,"status":"passed","title":"should throw ForbiddenException if user has no organizationId"},{"ancestorTitles":["DealsService","findAll"],"duration":10,"failing":false,"failureDetails":[],"failureMessages":[],"fullName":"DealsService findAll should return all deals for admin","invocations":1,"location":null,"numPassingAsserts":1,"retryReasons":[],"startAt":1787051302017,"status":"passed","title":"should return all deals for admin"},{"ancestorTitles":["DealsService","findAll"],"duration":14,"failing":false,"failureDetails":[],"failureMessages":[],"fullName":"DealsService findAll should return filtered deals for employee","invocations":1,"location":null,"numPassingAsserts":1,"retryReasons":[],"startAt":1787051302028,"status":"passed","title":"should return filtered deals for employee"},{"ancestorTitles":["DealsService","findOne"],"duration":10,"failing":false,"failureDetails":[],"failureMessages":[],"fullName":"DealsService findOne should throw ForbiddenException if user has no organizationId","invocations":1,"location":null,"numPassingAsserts":1,"retryReasons":[],"startAt":1787051302043,"status":"passed","title":"should throw ForbiddenException if user has no organizationId"},{"ancestorTitles":["DealsService","findOne"],"duration":9,"failing":false,"failureDetails":[],"failureMessages":[],"fullName":"DealsService findOne should throw NotFoundException if deal not found","invocations":1,"location":null,"numPassingAsserts":1,"retryReasons":[],"startAt":1787051302054,"status":"passed","title":"should throw NotFoundException if deal not found"},{"ancestorTitles":["DealsService","findOne"],"duration":11,"failing":false,"failureDetails":[],"failureMessages":[],"fullName":"DealsService findOne should throw ForbiddenException if employee tries to access unassigned deal","invocations":1,"location":null,"numPassingAsserts":1,"retryReasons":[],"startAt":1787051302064,"status":"passed","title":"should throw ForbiddenException if employee tries to access unassigned deal"},{"ancestorTitles":["DealsService","findOne"],"duration":6,"failing":false,"failureDetails":[],"failureMessages":[],"fullName":"DealsService findOne should return deal if found for admin","invocations":1,"location":null,"numPassingAsserts":1,"retryReasons":[],"startAt":1787051302076,"status":"passed","title":"should return deal if found for admin"},{"ancestorTitles":["DealsService","update"],"duration":13,"failing":false,"failureDetails":[],"failureMessages":[],"fullName":"DealsService update should throw ForbiddenException if user has no organizationId","invocations":1,"location":null,"numPassingAsserts":1,"retryReasons":[],"startAt":1787051302083,"status":"passed","title":"should throw ForbiddenException if user has no organizationId"},{"ancestorTitles":["DealsService","update"],"duration":8,"failing":false,"failureDetails":[],"failureMessages":[],"fullName":"DealsService update should update deal successfully","invocations":1,"location":null,"numPassingAsserts":3,"retryReasons":[],"startAt":1787051302096,"status":"passed","title":"should update deal successfully"},{"ancestorTitles":["DealsService","update"],"duration":9,"failing":false,"failureDetails":[],"failureMessages":[],"fullName":"DealsService update should emit deal.status_updated event when stage changes","invocations":1,"location":null,"numPassingAsserts":2,"retryReasons":[],"startAt":1787051302105,"status":"passed","title":"should emit deal.status_updated event when stage changes"},{"ancestorTitles":["DealsService","remove"],"duration":68,"failing":false,"failureDetails":[],"failureMessages":[],"fullName":"DealsService remove should throw ForbiddenException if user has no organizationId","invocations":1,"location":null,"numPassingAsserts":1,"retryReasons":[],"startAt":1787051302115,"status":"passed","title":"should throw ForbiddenException if user has no organizationId"},{"ancestorTitles":["DealsService","remove"],"duration":8,"failing":false,"failureDetails":[],"failureMessages":[],"fullName":"DealsService remove should soft delete deal successfully","invocations":1,"location":null,"numPassingAsserts":2,"retryReasons":[],"startAt":1787051302184,"status":"passed","title":"should soft delete deal successfully"},{"ancestorTitles":["DealsService","importRecords"],"duration":11,"failing":false,"failureDetails":[],"failureMessages":[],"fullName":"DealsService importRecords should throw ForbiddenException if user has no organizationId","invocations":1,"location":null,"numPassingAsserts":1,"retryReasons":[],"startAt":1787051302193,"status":"passed","title":"should throw ForbiddenException if user has no organizationId"},{"ancestorTitles":["DealsService","importRecords"],"duration":12,"failing":false,"failureDetails":[],"failureMessages":[],"fullName":"DealsService importRecords should import valid records and skip invalid ones","invocations":1,"location":null,"numPassingAsserts":2,"retryReasons":[],"startAt":1787051302205,"status":"passed","title":"should import valid records and skip invalid ones"},{"ancestorTitles":["DealsService","getPipeline"],"duration":13,"failing":false,"failureDetails":[],"failureMessages":[],"fullName":"DealsService getPipeline should throw ForbiddenException if user has no organizationId","invocations":1,"location":null,"numPassingAsserts":1,"retryReasons":[],"startAt":1787051302218,"status":"passed","title":"should throw ForbiddenException if user has no organizationId"},{"ancestorTitles":["DealsService","getPipeline"],"duration":11,"failing":false,"failureDetails":[],"failureMessages":[],"fullName":"DealsService getPipeline should return deals grouped by pipeline stages","invocations":1,"location":null,"numPassingAsserts":2,"retryReasons":[],"startAt":1787051302232,"status":"passed","title":"should return deals grouped by pipeline stages"},{"ancestorTitles":["DealsService","handleDealWon"],"duration":21,"failing":false,"failureDetails":[],"failureMessages":[],"fullName":"DealsService handleDealWon should throw NotFoundException if deal ID is invalid","invocations":1,"location":null,"numPassingAsserts":1,"retryReasons":[],"startAt":1787051302245,"status":"passed","title":"should throw NotFoundException if deal ID is invalid"},{"ancestorTitles":["DealsService","handleDealWon"],"duration":31,"failing":false,"failureDetails":[],"failureMessages":[],"fullName":"DealsService handleDealWon should update deal stage to WON","invocations":1,"location":null,"numPassingAsserts":1,"retryReasons":[],"startAt":1787051302267,"status":"passed","title":"should update deal stage to WON"}],"endTime":1787051302300,"message":"","name":"C:\\Users\\91773\\enterprise-app\\api\\src\\deals\\deals.service.spec.ts","startTime":1787051301207,"status":"passed","summary":""},{"assertionResults":[{"ancestorTitles":["UsersService"],"duration":16,"failing":false,"failureDetails":[],"failureMessages":[],"fullName":"UsersService should be defined","invocations":1,"location":null,"numPassingAsserts":1,"retryReasons":[],"startAt":1787051302860,"status":"passed","title":"should be defined"},{"ancestorTitles":["UsersService","create"],"duration":10,"failing":false,"failureDetails":[],"failureMessages":[],"fullName":"UsersService create should create a new user successfully (happy path)","invocations":1,"location":null,"numPassingAsserts":4,"retryReasons":[],"startAt":1787051302877,"status":"passed","title":"should create a new user successfully (happy path)"},{"ancestorTitles":["UsersService","create"],"duration":44,"failing":false,"failureDetails":[],"failureMessages":[],"fullName":"UsersService create should throw ConflictException when email already exists in the organization","invocations":1,"location":null,"numPassingAsserts":1,"retryReasons":[],"startAt":1787051302888,"status":"passed","title":"should throw ConflictException when email already exists in the organization"},{"ancestorTitles":["UsersService","create"],"duration":16,"failing":false,"failureDetails":[],"failureMessages":[],"fullName":"UsersService create should create user with valid employeeId","invocations":1,"location":null,"numPassingAsserts":2,"retryReasons":[],"startAt":1787051302933,"status":"passed","title":"should create user with valid employeeId"},{"ancestorTitles":["UsersService","create"],"duration":9,"failing":false,"failureDetails":[],"failureMessages":[],"fullName":"UsersService create should throw NotFoundException when employeeId does not exist","invocations":1,"location":null,"numPassingAsserts":1,"retryReasons":[],"startAt":1787051302950,"status":"passed","title":"should throw NotFoundException when employeeId does not exist"},{"ancestorTitles":["UsersService","create"],"duration":9,"failing":false,"failureDetails":[],"failureMessages":[],"fullName":"UsersService create should throw ConflictException when employee already has a user","invocations":1,"location":null,"numPassingAsserts":1,"retryReasons":[],"startAt":1787051302960,"status":"passed","title":"should throw ConflictException when employee already has a user"},{"ancestorTitles":["UsersService","create"],"duration":11,"failing":false,"failureDetails":[],"failureMessages":[],"fullName":"UsersService create should create user with valid managerId (MANAGER role)","invocations":1,"location":null,"numPassingAsserts":2,"retryReasons":[],"startAt":1787051302970,"status":"passed","title":"should create user with valid managerId (MANAGER role)"},{"ancestorTitles":["UsersService","create"],"duration":10,"failing":false,"failureDetails":[],"failureMessages":[],"fullName":"UsersService create should throw NotFoundException when manager user not found","invocations":1,"location":null,"numPassingAsserts":1,"retryReasons":[],"startAt":1787051302982,"status":"passed","title":"should throw NotFoundException when manager user not found"},{"ancestorTitles":["UsersService","create"],"duration":50,"failing":false,"failureDetails":[],"failureMessages":[],"fullName":"UsersService create should throw ConflictException when manager does not have MANAGER role","invocations":1,"location":null,"numPassingAsserts":1,"retryReasons":[],"startAt":1787051302993,"status":"passed","title":"should throw ConflictException when manager does not have MANAGER role"},{"ancestorTitles":["UsersService","findAll"],"duration":13,"failing":false,"failureDetails":[],"failureMessages":[],"fullName":"UsersService findAll should return all users for the organization","invocations":1,"location":null,"numPassingAsserts":2,"retryReasons":[],"startAt":1787051303043,"status":"passed","title":"should return all users for the organization"},{"ancestorTitles":["UsersService","findAll"],"duration":18,"failing":false,"failureDetails":[],"failureMessages":[],"fullName":"UsersService findAll should return all users across organizations for platform admin","invocations":1,"location":null,"numPassingAsserts":2,"retryReasons":[],"startAt":1787051303057,"status":"passed","title":"should return all users across organizations for platform admin"},{"ancestorTitles":["UsersService","update"],"duration":12,"failing":false,"failureDetails":[],"failureMessages":[],"fullName":"UsersService update should update an existing user successfully","invocations":1,"location":null,"numPassingAsserts":2,"retryReasons":[],"startAt":1787051303076,"status":"passed","title":"should update an existing user successfully"},{"ancestorTitles":["UsersService","update"],"duration":10,"failing":false,"failureDetails":[],"failureMessages":[],"fullName":"UsersService update scopes user updates to the authenticated organization","invocations":1,"location":null,"numPassingAsserts":1,"retryReasons":[],"startAt":1787051303089,"status":"passed","title":"scopes user updates to the authenticated organization"},{"ancestorTitles":["UsersService","remove"],"duration":11,"failing":false,"failureDetails":[],"failureMessages":[],"fullName":"UsersService remove scopes user deletes to the authenticated organization","invocations":1,"location":null,"numPassingAsserts":1,"retryReasons":[],"startAt":1787051303100,"status":"passed","title":"scopes user deletes to the authenticated organization"},{"ancestorTitles":["UsersService","resetPassword"],"duration":11,"failing":false,"failureDetails":[],"failureMessages":[],"fullName":"UsersService resetPassword should hash and persist a new password within the authenticated tenant","invocations":1,"location":null,"numPassingAsserts":2,"retryReasons":[],"startAt":1787051303112,"status":"passed","title":"should hash and persist a new password within the authenticated tenant"},{"ancestorTitles":["UsersService","resetPassword"],"duration":16,"failing":false,"failureDetails":[],"failureMessages":[],"fullName":"UsersService resetPassword should reject resetting a password for a user outside the tenant","invocations":1,"location":null,"numPassingAsserts":1,"retryReasons":[],"startAt":1787051303124,"status":"passed","title":"should reject resetting a password for a user outside the tenant"},{"ancestorTitles":["UsersService","unlock"],"duration":16,"failing":false,"failureDetails":[],"failureMessages":[],"fullName":"UsersService unlock should unlock a user only within the same organization","invocations":1,"location":null,"numPassingAsserts":1,"retryReasons":[],"startAt":1787051303141,"status":"passed","title":"should unlock a user only within the same organization"},{"ancestorTitles":["UsersService","assignOrganization"],"duration":11,"failing":false,"failureDetails":[],"failureMessages":[],"fullName":"UsersService assignOrganization preserves platform-admin organization changes while keeping tenant admins scoped","invocations":1,"location":null,"numPassingAsserts":1,"retryReasons":[],"startAt":1787051303158,"status":"passed","title":"preserves platform-admin organization changes while keeping tenant admins scoped"},{"ancestorTitles":["UsersService","assignOrganization"],"duration":11,"failing":false,"failureDetails":[],"failureMessages":[],"fullName":"UsersService assignOrganization rejects same-role cross-tenant organization reassignment for a tenant-scoped admin","invocations":1,"location":null,"numPassingAsserts":1,"retryReasons":[],"startAt":1787051303170,"status":"passed","title":"rejects same-role cross-tenant organization reassignment for a tenant-scoped admin"},{"ancestorTitles":["UsersService","assignManager"],"duration":12,"failing":false,"failureDetails":[],"failureMessages":[],"fullName":"UsersService assignManager should scope the final manager update to the authenticated organization","invocations":1,"location":null,"numPassingAsserts":1,"retryReasons":[],"startAt":1787051303181,"status":"passed","title":"should scope the final manager update to the authenticated organization"},{"ancestorTitles":["UsersService","assignRoles"],"duration":22,"failing":false,"failureDetails":[],"failureMessages":[],"fullName":"UsersService assignRoles should replace the user role assignments","invocations":1,"location":null,"numPassingAsserts":3,"retryReasons":[],"startAt":1787051303194,"status":"passed","title":"should replace the user role assignments"},{"ancestorTitles":["UsersService","findAssignable"],"duration":15,"failing":false,"failureDetails":[],"failureMessages":[],"fullName":"UsersService findAssignable should return all active non-admin users for ADMIN role","invocations":1,"location":null,"numPassingAsserts":2,"retryReasons":[],"startAt":1787051303217,"status":"passed","title":"should return all active non-admin users for ADMIN role"},{"ancestorTitles":["UsersService","findAssignable"],"duration":16,"failing":false,"failureDetails":[],"failureMessages":[],"fullName":"UsersService findAssignable should return all active non-admin users for HR role","invocations":1,"location":null,"numPassingAsserts":1,"retryReasons":[],"startAt":1787051303233,"status":"passed","title":"should return all active non-admin users for HR role"},{"ancestorTitles":["UsersService","findAssignable"],"duration":73,"failing":false,"failureDetails":[],"failureMessages":[],"fullName":"UsersService findAssignable should return active employees under them for MANAGER role","invocations":1,"location":null,"numPassingAsserts":2,"retryReasons":[],"startAt":1787051303250,"status":"passed","title":"should return active employees under them for MANAGER role"},{"ancestorTitles":["UsersService","findAssignable"],"duration":11,"failing":false,"failureDetails":[],"failureMessages":[],"fullName":"UsersService findAssignable should return empty array for EMPLOYEE role","invocations":1,"location":null,"numPassingAsserts":1,"retryReasons":[],"startAt":1787051303324,"status":"passed","title":"should return empty array for EMPLOYEE role"}],"endTime":1787051303344,"message":"","name":"C:\\Users\\91773\\enterprise-app\\api\\src\\users\\users.service.spec.ts","startTime":1787051302318,"status":"passed","summary":""},{"assertionResults":[{"ancestorTitles":["AuthController"],"duration":11,"failing":false,"failureDetails":[],"failureMessages":[],"fullName":"AuthController should be defined","invocations":1,"location":null,"numPassingAsserts":1,"retryReasons":[],"startAt":1787051304384,"status":"passed","title":"should be defined"}],"endTime":1787051304396,"message":"","name":"C:\\Users\\91773\\enterprise-app\\api\\src\\auth\\auth.controller.spec.ts","startTime":1787051303373,"status":"passed","summary":""},{"assertionResults":[{"ancestorTitles":["ExpensesService"],"duration":19,"failing":false,"failureDetails":[],"failureMessages":[],"fullName":"ExpensesService should be defined","invocations":1,"location":null,"numPassingAsserts":1,"retryReasons":[],"startAt":1787051305137,"status":"passed","title":"should be defined"},{"ancestorTitles":["ExpensesService","create"],"duration":36,"failing":false,"failureDetails":[],"failureMessages":[],"fullName":"ExpensesService create should throw ForbiddenException if user has no organizationId","invocations":1,"location":null,"numPassingAsserts":1,"retryReasons":[],"startAt":1787051305158,"status":"passed","title":"should throw ForbiddenException if user has no organizationId"},{"ancestorTitles":["ExpensesService","create"],"duration":13,"failing":false,"failureDetails":[],"failureMessages":[],"fullName":"ExpensesService create should throw ForbiddenException if employee tries to create expense for another employee","invocations":1,"location":null,"numPassingAsserts":1,"retryReasons":[],"startAt":1787051305195,"status":"passed","title":"should throw ForbiddenException if employee tries to create expense for another employee"},{"ancestorTitles":["ExpensesService","create"],"duration":10,"failing":false,"failureDetails":[],"failureMessages":[],"fullName":"ExpensesService create should create expense successfully for admin","invocations":1,"location":null,"numPassingAsserts":5,"retryReasons":[],"startAt":1787051305209,"status":"passed","title":"should create expense successfully for admin"},{"ancestorTitles":["ExpensesService","findAll"],"duration":14,"failing":false,"failureDetails":[],"failureMessages":[],"fullName":"ExpensesService findAll should return all expenses for admin","invocations":1,"location":null,"numPassingAsserts":1,"retryReasons":[],"startAt":1787051305220,"status":"passed","title":"should return all expenses for admin"},{"ancestorTitles":["ExpensesService","findAll"],"duration":12,"failing":false,"failureDetails":[],"failureMessages":[],"fullName":"ExpensesService findAll should return filtered expenses for employee","invocations":1,"location":null,"numPassingAsserts":1,"retryReasons":[],"startAt":1787051305235,"status":"passed","title":"should return filtered expenses for employee"},{"ancestorTitles":["ExpensesService","findOne"],"duration":12,"failing":false,"failureDetails":[],"failureMessages":[],"fullName":"ExpensesService findOne should throw NotFoundException if expense not found","invocations":1,"location":null,"numPassingAsserts":1,"retryReasons":[],"startAt":1787051305248,"status":"passed","title":"should throw NotFoundException if expense not found"},{"ancestorTitles":["ExpensesService","findOne"],"duration":11,"failing":false,"failureDetails":[],"failureMessages":[],"fullName":"ExpensesService findOne should return expense if found","invocations":1,"location":null,"numPassingAsserts":1,"retryReasons":[],"startAt":1787051305260,"status":"passed","title":"should return expense if found"},{"ancestorTitles":["ExpensesService","update"],"duration":47,"failing":false,"failureDetails":[],"failureMessages":[],"fullName":"ExpensesService update should throw ForbiddenException if user has no organizationId","invocations":1,"location":null,"numPassingAsserts":1,"retryReasons":[],"startAt":1787051305272,"status":"passed","title":"should throw ForbiddenException if user has no organizationId"},{"ancestorTitles":["ExpensesService","update"],"duration":17,"failing":false,"failureDetails":[],"failureMessages":[],"fullName":"ExpensesService update should throw ForbiddenException if employee tries to update finalized expense","invocations":1,"location":null,"numPassingAsserts":1,"retryReasons":[],"startAt":1787051305321,"status":"passed","title":"should throw ForbiddenException if employee tries to update finalized expense"},{"ancestorTitles":["ExpensesService","update"],"duration":23,"failing":false,"failureDetails":[],"failureMessages":[],"fullName":"ExpensesService update should update expense successfully","invocations":1,"location":null,"numPassingAsserts":1,"retryReasons":[],"startAt":1787051305339,"status":"passed","title":"should update expense successfully"},{"ancestorTitles":["ExpensesService","managerApprove"],"duration":13,"failing":false,"failureDetails":[],"failureMessages":[],"fullName":"ExpensesService managerApprove should throw ForbiddenException if expense not pending manager approval","invocations":1,"location":null,"numPassingAsserts":1,"retryReasons":[],"startAt":1787051305363,"status":"passed","title":"should throw ForbiddenException if expense not pending manager approval"},{"ancestorTitles":["ExpensesService","managerApprove"],"duration":18,"failing":false,"failureDetails":[],"failureMessages":[],"fullName":"ExpensesService managerApprove should approve expense successfully for manager","invocations":1,"location":null,"numPassingAsserts":1,"retryReasons":[],"startAt":1787051305377,"status":"passed","title":"should approve expense successfully for manager"},{"ancestorTitles":["ExpensesService","hrApprove"],"duration":12,"failing":false,"failureDetails":[],"failureMessages":[],"fullName":"ExpensesService hrApprove should throw NotFoundException if expense not found","invocations":1,"location":null,"numPassingAsserts":1,"retryReasons":[],"startAt":1787051305396,"status":"passed","title":"should throw NotFoundException if expense not found"},{"ancestorTitles":["ExpensesService","hrApprove"],"duration":18,"failing":false,"failureDetails":[],"failureMessages":[],"fullName":"ExpensesService hrApprove should throw ForbiddenException if expense not pending HR approval","invocations":1,"location":null,"numPassingAsserts":1,"retryReasons":[],"startAt":1787051305409,"status":"passed","title":"should throw ForbiddenException if expense not pending HR approval"},{"ancestorTitles":["ExpensesService","hrApprove"],"duration":13,"failing":false,"failureDetails":[],"failureMessages":[],"fullName":"ExpensesService hrApprove should approve expense successfully for HR","invocations":1,"location":null,"numPassingAsserts":1,"retryReasons":[],"startAt":1787051305428,"status":"passed","title":"should approve expense successfully for HR"},{"ancestorTitles":["ExpensesService","reject"],"duration":11,"failing":false,"failureDetails":[],"failureMessages":[],"fullName":"ExpensesService reject should throw ForbiddenException if expense is already approved","invocations":1,"location":null,"numPassingAsserts":1,"retryReasons":[],"startAt":1787051305442,"status":"passed","title":"should throw ForbiddenException if expense is already approved"},{"ancestorTitles":["ExpensesService","reject"],"duration":19,"failing":false,"failureDetails":[],"failureMessages":[],"fullName":"ExpensesService reject should reject expense successfully","invocations":1,"location":null,"numPassingAsserts":1,"retryReasons":[],"startAt":1787051305454,"status":"passed","title":"should reject expense successfully"},{"ancestorTitles":["ExpensesService","remove"],"duration":17,"failing":false,"failureDetails":[],"failureMessages":[],"fullName":"ExpensesService remove should throw NotFoundException if expense not found","invocations":1,"location":null,"numPassingAsserts":1,"retryReasons":[],"startAt":1787051305475,"status":"passed","title":"should throw NotFoundException if expense not found"},{"ancestorTitles":["ExpensesService","remove"],"duration":17,"failing":false,"failureDetails":[],"failureMessages":[],"fullName":"ExpensesService remove should soft delete expense for admin","invocations":1,"location":null,"numPassingAsserts":1,"retryReasons":[],"startAt":1787051305493,"status":"passed","title":"should soft delete expense for admin"},{"ancestorTitles":["ExpensesService","importRecords"],"duration":85,"failing":false,"failureDetails":[],"failureMessages":[],"fullName":"ExpensesService importRecords should import valid records and skip invalid ones","invocations":1,"location":null,"numPassingAsserts":2,"retryReasons":[],"startAt":1787051305511,"status":"passed","title":"should import valid records and skip invalid ones"},{"ancestorTitles":["ExpensesService","getByCategory"],"duration":11,"failing":false,"failureDetails":[],"failureMessages":[],"fullName":"ExpensesService getByCategory should return expenses grouped by category","invocations":1,"location":null,"numPassingAsserts":3,"retryReasons":[],"startAt":1787051305597,"status":"passed","title":"should return expenses grouped by category"}],"endTime":1787051305610,"message":"","name":"C:\\Users\\91773\\enterprise-app\\api\\src\\expenses\\expenses.service.spec.ts","startTime":1787051304419,"status":"passed","summary":""},{"assertionResults":[{"ancestorTitles":["InvoicesService"],"duration":54,"failing":false,"failureDetails":[],"failureMessages":[],"fullName":"InvoicesService should be defined","invocations":1,"location":null,"numPassingAsserts":1,"retryReasons":[],"startAt":1787051306248,"status":"passed","title":"should be defined"},{"ancestorTitles":["InvoicesService","validateOrganization"],"duration":56,"failing":false,"failureDetails":[],"failureMessages":[],"fullName":"InvoicesService validateOrganization should throw BadRequestException if user has no organizationId","invocations":1,"location":null,"numPassingAsserts":1,"retryReasons":[],"startAt":1787051306304,"status":"passed","title":"should throw BadRequestException if user has no organizationId"},{"ancestorTitles":["InvoicesService","validateOrganization"],"duration":16,"failing":false,"failureDetails":[],"failureMessages":[],"fullName":"InvoicesService validateOrganization should return organizationId if valid","invocations":1,"location":null,"numPassingAsserts":1,"retryReasons":[],"startAt":1787051306361,"status":"passed","title":"should return organizationId if valid"},{"ancestorTitles":["InvoicesService","create"],"duration":12,"failing":false,"failureDetails":[],"failureMessages":[],"fullName":"InvoicesService create should create invoice successfully","invocations":1,"location":null,"numPassingAsserts":2,"retryReasons":[],"startAt":1787051306378,"status":"passed","title":"should create invoice successfully"},{"ancestorTitles":["InvoicesService","findAll"],"duration":13,"failing":false,"failureDetails":[],"failureMessages":[],"fullName":"InvoicesService findAll should return all invoices for organization","invocations":1,"location":null,"numPassingAsserts":2,"retryReasons":[],"startAt":1787051306391,"status":"passed","title":"should return all invoices for organization"},{"ancestorTitles":["InvoicesService","findOne"],"duration":10,"failing":false,"failureDetails":[],"failureMessages":[],"fullName":"InvoicesService findOne should throw NotF
[...]
Details":[],"failureMessages":[],"fullName":"LocalStorageProvider - Path Traversal Protection validateStoragePath should accept valid relative paths within storage root","invocations":1,"location":null,"numPassingAsserts":2,"retryReasons":[],"startAt":1787051324552,"status":"passed","title":"should accept valid relative paths within storage root"},{"ancestorTitles":["LocalStorageProvider - Path Traversal Protection","validateStoragePath"],"duration":2,"failing":false,"failureDetails":[],"failureMessages":[],"fullName":"LocalStorageProvider - Path Traversal Protection validateStoragePath should normalize paths correctly","invocations":1,"location":null,"numPassingAsserts":1,"retryReasons":[],"startAt":1787051324555,"status":"passed","title":"should normalize paths correctly"},{"ancestorTitles":["LocalStorageProvider - Path Traversal Protection","validateStoragePath"],"duration":2,"failing":false,"failureDetails":[],"failureMessages":[],"fullName":"LocalStorageProvider - Path Traversal Protection validateStoragePath should reject empty paths","invocations":1,"location":null,"numPassingAsserts":1,"retryReasons":[],"startAt":1787051324558,"status":"passed","title":"should reject empty paths"},{"ancestorTitles":["LocalStorageProvider - Path Traversal Protection","validateStoragePath"],"duration":3,"failing":false,"failureDetails":[],"failureMessages":[],"fullName":"LocalStorageProvider - Path Traversal Protection validateStoragePath should reject null and undefined paths","invocations":1,"location":null,"numPassingAsserts":2,"retryReasons":[],"startAt":1787051324560,"status":"passed","title":"should reject null and undefined paths"},{"ancestorTitles":["LocalStorageProvider - Path Traversal Protection","getReadStream path validation"],"duration":2,"failing":false,"failureDetails":[],"failureMessages":[],"fullName":"LocalStorageProvider - Path Traversal Protection getReadStream path validation rejects traversal in getReadStream","invocations":1,"location":null,"numPassingAsserts":1,"retryReasons":[],"startAt":1787051324564,"status":"passed","title":"rejects traversal in getReadStream"},{"ancestorTitles":["LocalStorageProvider - Path Traversal Protection","getReadStream path validation"],"duration":3,"failing":false,"failureDetails":[],"failureMessages":[],"fullName":"LocalStorageProvider - Path Traversal Protection getReadStream path validation rejects absolute paths in getReadStream","invocations":1,"location":null,"numPassingAsserts":1,"retryReasons":[],"startAt":1787051324567,"status":"passed","title":"rejects absolute paths in getReadStream"},{"ancestorTitles":["LocalStorageProvider - Path Traversal Protection","delete path validation"],"duration":4,"failing":false,"failureDetails":[],"failureMessages":[],"fullName":"LocalStorageProvider - Path Traversal Protection delete path validation rejects traversal in delete","invocations":1,"location":null,"numPassingAsserts":1,"retryReasons":[],"startAt":1787051324571,"status":"passed","title":"rejects traversal in delete"},{"ancestorTitles":["LocalStorageProvider - Path Traversal Protection","move path validation"],"duration":3,"failing":false,"failureDetails":[],"failureMessages":[],"fullName":"LocalStorageProvider - Path Traversal Protection move path validation rejects traversal in move source","invocations":1,"location":null,"numPassingAsserts":1,"retryReasons":[],"startAt":1787051324575,"status":"passed","title":"rejects traversal in move source"},{"ancestorTitles":["LocalStorageProvider - Path Traversal Protection","move path validation"],"duration":2,"failing":false,"failureDetails":[],"failureMessages":[],"fullName":"LocalStorageProvider - Path Traversal Protection move path validation rejects traversal in move target","invocations":1,"location":null,"numPassingAsserts":1,"retryReasons":[],"startAt":1787051324579,"status":"passed","title":"rejects traversal in move target"},{"ancestorTitles":["LocalStorageProvider - Path Traversal Protection","copy path validation"],"duration":2,"failing":false,"failureDetails":[],"failureMessages":[],"fullName":"LocalStorageProvider - Path Traversal Protection copy path validation rejects traversal in copy source","invocations":1,"location":null,"numPassingAsserts":1,"retryReasons":[],"startAt":1787051324581,"status":"passed","title":"rejects traversal in copy source"},{"ancestorTitles":["LocalStorageProvider - Path Traversal Protection","copy path validation"],"duration":3,"failing":false,"failureDetails":[],"failureMessages":[],"fullName":"LocalStorageProvider - Path Traversal Protection copy path validation rejects traversal in copy target","invocations":1,"location":null,"numPassingAsserts":1,"retryReasons":[],"startAt":1787051324584,"status":"passed","title":"rejects traversal in copy target"}],"endTime":1787051324589,"message":"","name":"C:\\Users\\91773\\enterprise-app\\api\\src\\file-management\\storage\\local-storage.provider.spec.ts","startTime":1787051324208,"status":"passed","summary":""},{"assertionResults":[{"ancestorTitles":["FileManagementUtils","isSupportedFile"],"duration":3,"failing":false,"failureDetails":[],"failureMessages":[],"fullName":"FileManagementUtils isSupportedFile accepts allowed image types","invocations":1,"location":null,"numPassingAsserts":4,"retryReasons":[],"startAt":1787051324823,"status":"passed","title":"accepts allowed image types"},{"ancestorTitles":["FileManagementUtils","isSupportedFile"],"duration":2,"failing":false,"failureDetails":[],"failureMessages":[],"fullName":"FileManagementUtils isSupportedFile accepts allowed document types","invocations":1,"location":null,"numPassingAsserts":5,"retryReasons":[],"startAt":1787051324826,"status":"passed","title":"accepts allowed document types"},{"ancestorTitles":["FileManagementUtils","isSupportedFile"],"duration":2,"failing":false,"failureDetails":[],"failureMessages":[],"fullName":"FileManagementUtils isSupportedFile rejects executable file types","invocations":1,"location":null,"numPassingAsserts":3,"retryReasons":[],"startAt":1787051324828,"status":"passed","title":"rejects executable file types"},{"ancestorTitles":["FileManagementUtils","isSupportedFile"],"duration":1,"failing":false,"failureDetails":[],"failureMessages":[],"fullName":"FileManagementUtils isSupportedFile rejects files without extensions","invocations":1,"location":null,"numPassingAsserts":1,"retryReasons":[],"startAt":1787051324830,"status":"passed","title":"rejects files without extensions"},{"ancestorTitles":["FileManagementUtils","isSupportedFile"],"duration":1,"failing":false,"failureDetails":[],"failureMessages":[],"fullName":"FileManagementUtils isSupportedFile rejects files with disallowed extensions even if MIME type is valid","invocations":1,"location":null,"numPassingAsserts":3,"retryReasons":[],"startAt":1787051324832,"status":"passed","title":"rejects files with disallowed extensions even if MIME type is valid"},{"ancestorTitles":["FileManagementUtils","isSupportedFile"],"duration":2,"failing":false,"failureDetails":[],"failureMessages":[],"fullName":"FileManagementUtils isSupportedFile rejects mismatched MIME types and extensions","invocations":1,"location":null,"numPassingAsserts":2,"retryReasons":[],"startAt":1787051324834,"status":"passed","title":"rejects mismatched MIME types and extensions"},{"ancestorTitles":["FileManagementUtils","isSupportedFile"],"duration":2,"failing":false,"failureDetails":[],"failureMessages":[],"fullName":"FileManagementUtils isSupportedFile accepts broad text/* MIME types for allowed text extensions","invocations":1,"location":null,"numPassingAsserts":2,"retryReasons":[],"startAt":1787051324837,"status":"passed","title":"accepts broad text/* MIME types for allowed text extensions"},{"ancestorTitles":["FileManagementUtils","assertSupportedFile"],"duration":22,"failing":false,"failureDetails":[],"failureMessages":[],"fullName":"FileManagementUtils assertSupportedFile throws for unsupported file types","invocations":1,"location":null,"numPassingAsserts":2,"retryReasons":[],"startAt":1787051324840,"status":"passed","title":"throws for unsupported file types"},{"ancestorTitles":["FileManagementUtils","assertSupportedFile"],"duration":2,"failing":false,"failureDetails":[],"failureMessages":[],"fullName":"FileManagementUtils assertSupportedFile throws for files without extensions","invocations":1,"location":null,"numPassingAsserts":1,"retryReasons":[],"startAt":1787051324863,"status":"passed","title":"throws for files without extensions"},{"ancestorTitles":["FileManagementUtils","assertSupportedFile"],"duration":2,"failing":false,"failureDetails":[],"failureMessages":[],"fullName":"FileManagementUtils assertSupportedFile does not throw for valid files","invocations":1,"location":null,"numPassingAsserts":2,"retryReasons":[],"startAt":1787051324865,"status":"passed","title":"does not throw for valid files"},{"ancestorTitles":["FileManagementUtils","createStoredFileName"],"duration":2,"failing":false,"failureDetails":[],"failureMessages":[],"fullName":"FileManagementUtils createStoredFileName generates UUID-based filename with original extension","invocations":1,"location":null,"numPassingAsserts":1,"retryReasons":[],"startAt":1787051324868,"status":"passed","title":"generates UUID-based filename with original extension"},{"ancestorTitles":["FileManagementUtils","createStoredFileName"],"duration":2,"failing":false,"failureDetails":[],"failureMessages":[],"fullName":"FileManagementUtils createStoredFileName preserves file extensions in lowercase","invocations":1,"location":null,"numPassingAsserts":2,"retryReasons":[],"startAt":1787051324870,"status":"passed","title":"preserves file extensions in lowercase"},{"ancestorTitles":["FileManagementUtils","createStoredFileName"],"duration":1,"failing":false,"failureDetails":[],"failureMessages":[],"fullName":"FileManagementUtils createStoredFileName generates unique filenames for the same original name","invocations":1,"location":null,"numPassingAsserts":1,"retryReasons":[],"startAt":1787051324873,"status":"passed","title":"generates unique filenames for the same original name"},{"ancestorTitles":["FileManagementUtils","createStoredFileName"],"duration":1,"failing":false,"failureDetails":[],"failureMessages":[],"fullName":"FileManagementUtils createStoredFileName removes path traversal from original filename","invocations":1,"location":null,"numPassingAsserts":3,"retryReasons":[],"startAt":1787051324875,"status":"passed","title":"removes path traversal from original filename"},{"ancestorTitles":["FileManagementUtils","buildStorageFolder"],"duration":1,"failing":false,"failureDetails":[],"failureMessages":[],"fullName":"FileManagementUtils buildStorageFolder creates properly formatted storage path","invocations":1,"location":null,"numPassingAsserts":1,"retryReasons":[],"startAt":1787051324877,"status":"passed","title":"creates properly formatted storage path"},{"ancestorTitles":["FileManagementUtils","buildStorageFolder"],"duration":1,"failing":false,"failureDetails":[],"failureMessages":[],"fullName":"FileManagementUtils buildStorageFolder sanitizes folder name segments","invocations":1,"location":null,"numPassingAsserts":3,"retryReasons":[],"startAt":1787051324879,"status":"passed","title":"sanitizes folder name segments"},{"ancestorTitles":["FileManagementUtils","buildStorageFolder"],"duration":1,"failing":false,"failureDetails":[],"failureMessages":[],"fullName":"FileManagementUtils buildStorageFolder filters out empty segments but fills with default segment","invocations":1,"location":null,"numPassingAsserts":1,"retryReasons":[],"startAt":1787051324881,"status":"passed","title":"filters out empty segments but fills with default segment"},{"ancestorTitles":["FileManagementUtils","buildStorageFolder"],"duration":1,"failing":false,"failureDetails":[],"failureMessages":[],"fullName":"FileManagementUtils buildStorageFolder sanitizes special chars in segments","invocations":1,"location":null,"numPassingAsserts":1,"retryReasons":[],"startAt":1787051324883,"status":"passed","title":"sanitizes special chars in segments"},{"ancestorTitles":["FileManagementUtils","sanitizeFileName"],"duration":3,"failing":false,"failureDetails":[],"failureMessages":[],"fullName":"FileManagementUtils sanitizeFileName removes path traversal attempts","invocations":1,"location":null,"numPassingAsserts":2,"retryReasons":[],"startAt":1787051324885,"status":"passed","title":"removes path traversal attempts"},{"ancestorTitles":["FileManagementUtils","sanitizeFileName"],"duration":2,"failing":false,"failureDetails":[],"failureMessages":[],"fullName":"FileManagementUtils sanitizeFileName replaces spaces with hyphens","invocations":1,"location":null,"numPassingAsserts":2,"retryReasons":[],"startAt":1787051324888,"status":"passed","title":"replaces spaces with hyphens"},{"ancestorTitles":["FileManagementUtils","sanitizeFileName"],"duration":21,"failing":false,"failureDetails":[],"failureMessages":[],"fullName":"FileManagementUtils sanitizeFileName replaces spaces with hyphens but preserves case","invocations":1,"location":null,"numPassingAsserts":3,"retryReasons":[],"startAt":1787051324890,"status":"passed","title":"replaces spaces with hyphens but preserves case"},{"ancestorTitles":["FileManagementUtils","sanitizeFileName"],"duration":1,"failing":false,"failureDetails":[],"failureMessages":[],"fullName":"FileManagementUtils sanitizeFileName preserves valid characters","invocations":1,"location":null,"numPassingAsserts":2,"retryReasons":[],"startAt":1787051324912,"status":"passed","title":"preserves valid characters"}],"endTime":1787051324916,"message":"","name":"C:\\Users\\91773\\enterprise-app\\api\\src\\file-management\\utils\\file-management.utils.spec.ts","startTime":1787051324603,"status":"passed","summary":""},{"assertionResults":[{"ancestorTitles":["HttpExceptionFilter"],"duration":5,"failing":false,"failureDetails":[],"failureMessages":[],"fullName":"HttpExceptionFilter hides internal error details in production mode while preserving the client error contract","invocations":1,"location":null,"numPassingAsserts":3,"retryReasons":[],"startAt":1787051325219,"status":"passed","title":"hides internal error details in production mode while preserving the client error contract"},{"ancestorTitles":["HttpExceptionFilter"],"duration":3,"failing":false,"failureDetails":[],"failureMessages":[],"fullName":"HttpExceptionFilter keeps validation/auth messages for public client errors","invocations":1,"location":null,"numPassingAsserts":2,"retryReasons":[],"startAt":1787051325224,"status":"passed","title":"keeps validation/auth messages for public client errors"}],"endTime":1787051325229,"message":"","name":"C:\\Users\\91773\\enterprise-app\\api\\src\\common\\filters\\http-exception.filter.spec.ts","startTime":1787051324933,"status":"passed","summary":""},{"assertionResults":[{"ancestorTitles":["Problem 5 bootstrap"],"duration":7,"failing":false,"failureDetails":[],"failureMessages":[],"fullName":"Problem 5 bootstrap creates the default organization when missing","invocations":1,"location":null,"numPassingAsserts":1,"retryReasons":[],"startAt":1787051325412,"status":"passed","title":"creates the default organization when missing"},{"ancestorTitles":["Problem 5 bootstrap"],"duration":6,"failing":false,"failureDetails":[],"failureMessages":[],"fullName":"Problem 5 bootstrap reuses an existing default organization","invocations":1,"location":null,"numPassingAsserts":1,"retryReasons":[],"startAt":1787051325420,"status":"passed","title":"reuses an existing default organization"},{"ancestorTitles":["Problem 5 bootstrap"],"duration":3,"failing":false,"failureDetails":[],"failureMessages":[],"fullName":"Problem 5 bootstrap creates missing permissions and roles and RolePermission mappings","invocations":1,"location":null,"numPassingAsserts":3,"retryReasons":[],"startAt":1787051325427,"status":"passed","title":"creates missing permissions and roles and RolePermission mappings"},{"ancestorTitles":["Problem 5 bootstrap"],"duration":4,"failing":false,"failureDetails":[],"failureMessages":[],"fullName":"Problem 5 bootstrap creates the initial platform Super Admin when missing and sets organizationId to null","invocations":1,"location":null,"numPassingAsserts":2,"retryReasons":[],"startAt":1787051325431,"status":"passed","title":"creates the initial platform Super Admin when missing and sets organizationId to null"},{"ancestorTitles":["Problem 5 bootstrap"],"duration":23,"failing":false,"failureDetails":[],"failureMessages":[],"fullName":"Problem 5 bootstrap fails closed when BOOTSTRAP_SUPER_ADMIN_PASSWORD is missing","invocations":1,"location":null,"numPassingAsserts":1,"retryReasons":[],"startAt":1787051325436,"status":"passed","title":"fails closed when BOOTSTRAP_SUPER_ADMIN_PASSWORD is missing"},{"ancestorTitles":["Problem 5 bootstrap"],"duration":4,"failing":false,"failureDetails":[],"failureMessages":[],"fullName":"Problem 5 bootstrap fails closed when BOOTSTRAP_SUPER_ADMIN_PASSWORD is a placeholder","invocations":1,"location":null,"numPassingAsserts":1,"retryReasons":[],"startAt":1787051325460,"status":"passed","title":"fails closed when BOOTSTRAP_SUPER_ADMIN_PASSWORD is a placeholder"},{"ancestorTitles":["Problem 5 bootstrap"],"duration":4,"failing":false,"failureDetails":[],"failureMessages":[],"fullName":"Problem 5 bootstrap does not overwrite an existing Super Admin","invocations":1,"location":null,"numPassingAsserts":1,"retryReasons":[],"startAt":1787051325464,"status":"passed","title":"does not overwrite an existing Super Admin"},{"ancestorTitles":["Problem 5 bootstrap"],"duration":8,"failing":false,"failureDetails":[],"failureMessages":[],"fullName":"Problem 5 bootstrap is idempotent when run twice","invocations":1,"location":null,"numPassingAsserts":2,"retryReasons":[],"startAt":1787051325469,"status":"passed","title":"is idempotent when run twice"},{"ancestorTitles":["Problem 5 bootstrap"],"duration":6,"failing":false,"failureDetails":[],"failureMessages":[],"fullName":"Problem 5 bootstrap does not call destructive Prisma operations","invocations":1,"location":null,"numPassingAsserts":2,"retryReasons":[],"startAt":1787051325477,"status":"passed","title":"does not call destructive Prisma operations"}],"endTime":1787051325486,"message":"","name":"C:\\Users\\91773\\enterprise-app\\api\\src\\bootstrap\\production-bootstrap.spec.ts","startTime":1787051325242,"status":"passed","summary":""},{"assertionResults":[{"ancestorTitles":["validateServerEnv"],"duration":4,"failing":false,"failureDetails":[],"failureMessages":[],"fullName":"validateServerEnv accepts a valid production environment","invocations":1,"location":null,"numPassingAsserts":1,"retryReasons":[],"startAt":1787051325632,"status":"passed","title":"accepts a valid production environment"},{"ancestorTitles":["validateServerEnv"],"duration":20,"failing":false,"failureDetails":[],"failureMessages":[],"fullName":"validateServerEnv rejects placeholder JWT secrets and localhost frontend origins in production","invocations":1,"location":null,"numPassingAsserts":1,"retryReasons":[],"startAt":1787051325637,"status":"passed","title":"rejects placeholder JWT secrets and localhost frontend origins in production"}],"endTime":1787051325659,"message":"","name":"C:\\Users\\91773\\enterprise-app\\api\\src\\config\\env.spec.ts","startTime":1787051325521,"status":"passed","summary":""},{"assertionResults":[{"ancestorTitles":["renderInvoiceLetter"],"duration":3,"failing":false,"failureDetails":[],"failureMessages":[],"fullName":"renderInvoiceLetter replaces invoice placeholders with the invoice context values","invocations":1,"location":null,"numPassingAsserts":5,"retryReasons":[],"startAt":1787051325746,"status":"passed","title":"replaces invoice placeholders with the invoice context values"}],"endTime":1787051325751,"message":"","name":"C:\\Users\\91773\\enterprise-app\\api\\src\\invoices\\invoice-email.utils.spec.ts","startTime":1787051325670,"status":"passed","summary":""}],"wasInterrupted":false}
